###############################################################################
#
# IAR ANSI C/C++ Compiler V8.40.2.214/W32 for ARM         23/Dec/2019  21:46:49
# Copyright 1999-2019 IAR Systems AB.
#
#    Cpu mode     =  
#    Endian       =  little
#    Source file  =
#        C:\Baby\test02\exam\ett\Micrium\Software\uCOS-II\Ports\ARM-Cortex-M3\Generic\IAR\os_cpu_c.c
#    Command line =
#        -f C:\Users\hn829\AppData\Local\Temp\EW90C7.tmp
#        (C:\Baby\test02\exam\ett\Micrium\Software\uCOS-II\Ports\ARM-Cortex-M3\Generic\IAR\os_cpu_c.c
#        -lCN
#        C:\Baby\test02\exam\ett\Micrium\Software\EvalBoards\ST\STM3210B-EVAL\IAR\OS-Probe\Flash\List
#        -o
#        C:\Baby\test02\exam\ett\Micrium\Software\EvalBoards\ST\STM3210B-EVAL\IAR\OS-Probe\Flash\Obj
#        --debug --endian=little --cpu=Cortex-M3 -e --fpu=None --dlib_config
#        "C:\Program Files (x86)\IAR Systems\Embedded Workbench
#        8.3\arm\inc\c\DLib_Config_Normal.h" -I
#        C:\Baby\test02\exam\ett\Micrium\Software\EvalBoards\ST\STM3210B-EVAL\IAR\OS-Probe\
#        -I
#        C:\Baby\test02\exam\ett\Micrium\Software\EvalBoards\ST\STM3210B-EVAL\IAR\OS-Probe\..\..\..\..\..\ucos-ii\ports\arm-cortex-m3\generic\iar\
#        -I
#        C:\Baby\test02\exam\ett\Micrium\Software\EvalBoards\ST\STM3210B-EVAL\IAR\OS-Probe\..\..\..\..\..\ucos-ii\source\
#        -I
#        C:\Baby\test02\exam\ett\Micrium\Software\EvalBoards\ST\STM3210B-EVAL\IAR\OS-Probe\..\..\..\..\..\uc-lib\
#        -I
#        C:\Baby\test02\exam\ett\Micrium\Software\EvalBoards\ST\STM3210B-EVAL\IAR\OS-Probe\..\..\..\..\..\uc-cpu\
#        -I
#        C:\Baby\test02\exam\ett\Micrium\Software\EvalBoards\ST\STM3210B-EVAL\IAR\OS-Probe\..\..\..\..\..\uc-cpu\ARM-Cortex-M3\IAR\
#        -I
#        C:\Baby\test02\exam\ett\Micrium\Software\EvalBoards\ST\STM3210B-EVAL\IAR\OS-Probe\..\..\..\..\..\cpu\st\stm32\inc\
#        -I
#        C:\Baby\test02\exam\ett\Micrium\Software\EvalBoards\ST\STM3210B-EVAL\IAR\OS-Probe\..\BSP\
#        -I
#        C:\Baby\test02\exam\ett\Micrium\Software\EvalBoards\ST\STM3210B-EVAL\IAR\OS-Probe\..\..\..\..\..\uC-Probe\Target\Communication\Generic\RS-232\Source\
#        -I
#        C:\Baby\test02\exam\ett\Micrium\Software\EvalBoards\ST\STM3210B-EVAL\IAR\OS-Probe\..\..\..\..\..\uC-Probe\Target\Communication\Generic\RS-232\Ports\ST\STM32\
#        -I
#        C:\Baby\test02\exam\ett\Micrium\Software\EvalBoards\ST\STM3210B-EVAL\IAR\OS-Probe\..\..\..\..\..\uC-Probe\Target\Communication\Generic\Source\
#        -I
#        C:\Baby\test02\exam\ett\Micrium\Software\EvalBoards\ST\STM3210B-EVAL\IAR\OS-Probe\..\..\..\..\..\uC-Probe\Target\Plugins\uCOS-II\
#        -Ohz --use_c++_inline)
#    Locale       =  C
#    List file    =
#        C:\Baby\test02\exam\ett\Micrium\Software\EvalBoards\ST\STM3210B-EVAL\IAR\OS-Probe\Flash\List\os_cpu_c.lst
#    Object file  =
#        C:\Baby\test02\exam\ett\Micrium\Software\EvalBoards\ST\STM3210B-EVAL\IAR\OS-Probe\Flash\Obj\os_cpu_c.o
#
###############################################################################

C:\Baby\test02\exam\ett\Micrium\Software\uCOS-II\Ports\ARM-Cortex-M3\Generic\IAR\os_cpu_c.c
      1          /*
      2          *********************************************************************************************************
      3          *                                               uC/OS-II
      4          *                                         The Real-Time Kernel
      5          *
      6          *
      7          *                                (c) Copyright 2006, Micrium, Weston, FL
      8          *                                          All Rights Reserved
      9          *
     10          *                                           ARM Cortex-M3 Port
     11          *
     12          * File      : OS_CPU_C.C
     13          * Version   : V2.86
     14          * By        : Jean J. Labrosse
     15          *
     16          * For       : ARMv7M Cortex-M3
     17          * Mode      : Thumb2
     18          * Toolchain : IAR EWARM
     19          *********************************************************************************************************
     20          */
     21          
     22          #define  OS_CPU_GLOBALS
     23          #include <ucos_ii.h>
     24          
     25          /*
     26          *********************************************************************************************************
     27          *                                          LOCAL VARIABLES
     28          *********************************************************************************************************
     29          */
     30          
     31          #if OS_TMR_EN > 0
     32          static  INT16U  OSTmrCtr;
     33          #endif
     34          
     35          /*
     36          *********************************************************************************************************
     37          *                                          SYS TICK DEFINES
     38          *********************************************************************************************************
     39          */
     40          
     41          #define  OS_CPU_CM3_NVIC_ST_CTRL    (*((volatile INT32U *)0xE000E010))   /* SysTick Ctrl & Status Reg. */
     42          #define  OS_CPU_CM3_NVIC_ST_RELOAD  (*((volatile INT32U *)0xE000E014))   /* SysTick Reload  Value Reg. */
     43          #define  OS_CPU_CM3_NVIC_ST_CURRENT (*((volatile INT32U *)0xE000E018))   /* SysTick Current Value Reg. */
     44          #define  OS_CPU_CM3_NVIC_ST_CAL     (*((volatile INT32U *)0xE000E01C))   /* SysTick Cal     Value Reg. */
     45          
     46          #define  OS_CPU_CM3_NVIC_ST_CTRL_COUNT                    0x00010000     /* Count flag.                */
     47          #define  OS_CPU_CM3_NVIC_ST_CTRL_CLK_SRC                  0x00000004     /* Clock Source.              */
     48          #define  OS_CPU_CM3_NVIC_ST_CTRL_INTEN                    0x00000002     /* Interrupt enable.          */
     49          #define  OS_CPU_CM3_NVIC_ST_CTRL_ENABLE                   0x00000001     /* Counter mode.              */
     50          
     51          /*
     52          *********************************************************************************************************
     53          *                                       OS INITIALIZATION HOOK
     54          *                                            (BEGINNING)
     55          *
     56          * Description: This function is called by OSInit() at the beginning of OSInit().
     57          *
     58          * Arguments  : none
     59          *
     60          * Note(s)    : 1) Interrupts should be disabled during this call.
     61          *********************************************************************************************************
     62          */
     63          #if OS_CPU_HOOKS_EN > 0 && OS_VERSION > 203

   \                                 In section .text, align 2, keep-with-next
     64          void  OSInitHookBegin (void)
     65          {
     66          #if OS_TMR_EN > 0
     67              OSTmrCtr = 0;
     68          #endif
     69          }
   \                     OSInitHookBegin: (+1)
   \        0x0   0x4770             BX       LR               ;; return
     70          #endif
     71          
     72          /*
     73          *********************************************************************************************************
     74          *                                       OS INITIALIZATION HOOK
     75          *                                               (END)
     76          *
     77          * Description: This function is called by OSInit() at the end of OSInit().
     78          *
     79          * Arguments  : none
     80          *
     81          * Note(s)    : 1) Interrupts should be disabled during this call.
     82          *********************************************************************************************************
     83          */
     84          #if OS_CPU_HOOKS_EN > 0 && OS_VERSION > 203

   \                                 In section .text, align 2, keep-with-next
     85          void  OSInitHookEnd (void)
     86          {
     87          }
   \                     OSInitHookEnd: (+1)
   \        0x0   0x4770             BX       LR               ;; return
     88          #endif
     89          
     90          /*
     91          *********************************************************************************************************
     92          *                                          TASK CREATION HOOK
     93          *
     94          * Description: This function is called when a task is created.
     95          *
     96          * Arguments  : ptcb   is a pointer to the task control block of the task being created.
     97          *
     98          * Note(s)    : 1) Interrupts are disabled during this call.
     99          *********************************************************************************************************
    100          */
    101          #if OS_CPU_HOOKS_EN > 0

   \                                 In section .text, align 2, keep-with-next
    102          void  OSTaskCreateHook (OS_TCB *ptcb)
    103          {
    104          #if OS_APP_HOOKS_EN > 0
    105              App_TaskCreateHook(ptcb);
   \                     OSTaskCreateHook: (+1)
   \        0x0   0x....'....        B.W      App_TaskCreateHook
    106          #else
    107              (void)ptcb;                                  /* Prevent compiler warning                           */
    108          #endif
    109          }
    110          #endif
    111          
    112          
    113          /*
    114          *********************************************************************************************************
    115          *                                           TASK DELETION HOOK
    116          *
    117          * Description: This function is called when a task is deleted.
    118          *
    119          * Arguments  : ptcb   is a pointer to the task control block of the task being deleted.
    120          *
    121          * Note(s)    : 1) Interrupts are disabled during this call.
    122          *********************************************************************************************************
    123          */
    124          #if OS_CPU_HOOKS_EN > 0

   \                                 In section .text, align 2, keep-with-next
    125          void  OSTaskDelHook (OS_TCB *ptcb)
    126          {
    127          #if OS_APP_HOOKS_EN > 0
    128              App_TaskDelHook(ptcb);
   \                     OSTaskDelHook: (+1)
   \        0x0   0x....'....        B.W      App_TaskDelHook
    129          #else
    130              (void)ptcb;                                  /* Prevent compiler warning                           */
    131          #endif
    132          }
    133          #endif
    134          
    135          /*
    136          *********************************************************************************************************
    137          *                                             IDLE TASK HOOK
    138          *
    139          * Description: This function is called by the idle task.  This hook has been added to allow you to do
    140          *              such things as STOP the CPU to conserve power.
    141          *
    142          * Arguments  : none
    143          *
    144          * Note(s)    : 1) Interrupts are enabled during this call.
    145          *********************************************************************************************************
    146          */
    147          #if OS_CPU_HOOKS_EN > 0 && OS_VERSION >= 251

   \                                 In section .text, align 2, keep-with-next
    148          void  OSTaskIdleHook (void)
    149          {
    150          #if OS_APP_HOOKS_EN > 0
    151              App_TaskIdleHook();
   \                     OSTaskIdleHook: (+1)
   \        0x0   0x....'....        B.W      App_TaskIdleHook
    152          #endif
    153          }
    154          #endif
    155          
    156          /*
    157          *********************************************************************************************************
    158          *                                           STATISTIC TASK HOOK
    159          *
    160          * Description: This function is called every second by uC/OS-II's statistics task.  This allows your
    161          *              application to add functionality to the statistics task.
    162          *
    163          * Arguments  : none
    164          *********************************************************************************************************
    165          */
    166          
    167          #if OS_CPU_HOOKS_EN > 0

   \                                 In section .text, align 2, keep-with-next
    168          void  OSTaskStatHook (void)
    169          {
    170          #if OS_APP_HOOKS_EN > 0
    171              App_TaskStatHook();
   \                     OSTaskStatHook: (+1)
   \        0x0   0x....'....        B.W      App_TaskStatHook
    172          #endif
    173          }
    174          #endif
    175          
    176          /*
    177          *********************************************************************************************************
    178          *                                        INITIALIZE A TASK'S STACK
    179          *
    180          * Description: This function is called by either OSTaskCreate() or OSTaskCreateExt() to initialize the
    181          *              stack frame of the task being created.  This function is highly processor specific.
    182          *
    183          * Arguments  : task          is a pointer to the task code
    184          *
    185          *              p_arg         is a pointer to a user supplied data area that will be passed to the task
    186          *                            when the task first executes.
    187          *
    188          *              ptos          is a pointer to the top of stack.  It is assumed that 'ptos' points to
    189          *                            a 'free' entry on the task stack.  If OS_STK_GROWTH is set to 1 then
    190          *                            'ptos' will contain the HIGHEST valid address of the stack.  Similarly, if
    191          *                            OS_STK_GROWTH is set to 0, the 'ptos' will contains the LOWEST valid address
    192          *                            of the stack.
    193          *
    194          *              opt           specifies options that can be used to alter the behavior of OSTaskStkInit().
    195          *                            (see uCOS_II.H for OS_TASK_OPT_xxx).
    196          *
    197          * Returns    : Always returns the location of the new top-of-stack once the processor registers have
    198          *              been placed on the stack in the proper order.
    199          *
    200          * Note(s)    : 1) Interrupts are enabled when your task starts executing.
    201          *              2) All tasks run in Thread mode, using process stack.
    202          *********************************************************************************************************
    203          */
    204          

   \                                 In section .text, align 2, keep-with-next
    205          OS_STK *OSTaskStkInit (void (*task)(void *p_arg), void *p_arg, OS_STK *ptos, INT16U opt)
    206          {
    207              OS_STK *stk;
    208          
    209          
    210              (void)opt;                                   /* 'opt' is not used, prevent warning                 */
    211              stk       = ptos;                            /* Load stack pointer                                 */
    212          
    213                                                           /* Registers stacked as if auto-saved on exception    */
    214              *(stk)    = (INT32U)0x01000000L;             /* xPSR                                               */
   \                     OSTaskStkInit: (+1)
   \        0x0   0xF04F 0x7380      MOV      R3,#+16777216
   \        0x4   0x6013             STR      R3,[R2, #+0]
    215              *(--stk)  = (INT32U)task;                    /* Entry Point                                        */
   \        0x6   0xF842 0x0C04      STR      R0,[R2, #-4]
    216              *(--stk)  = (INT32U)0xFFFFFFFEL;             /* R14 (LR) (init value will cause fault if ever used)*/
    217              *(--stk)  = (INT32U)0x12121212L;             /* R12                                                */
   \        0xA   0xF04F 0x3312      MOV      R3,#+303174162
   \        0xE   0xF06F 0x0001      MVN      R0,#+1
   \       0x12   0xF842 0x0C08      STR      R0,[R2, #-8]
   \       0x16   0xF842 0x3C0C      STR      R3,[R2, #-12]
    218              *(--stk)  = (INT32U)0x03030303L;             /* R3                                                 */
   \       0x1A   0xF04F 0x3003      MOV      R0,#+50529027
   \       0x1E   0xF842 0x0C10      STR      R0,[R2, #-16]
    219              *(--stk)  = (INT32U)0x02020202L;             /* R2                                                 */
    220              *(--stk)  = (INT32U)0x01010101L;             /* R1                                                 */
    221              *(--stk)  = (INT32U)p_arg;                   /* R0 : argument                                      */
   \       0x22   0xF842 0x1C1C      STR      R1,[R2, #-28]
   \       0x26   0xF04F 0x3001      MOV      R0,#+16843009
   \       0x2A   0xF842 0x0C18      STR      R0,[R2, #-24]
   \       0x2E   0xF04F 0x3302      MOV      R3,#+33686018
    222          
    223                                                           /* Remaining registers saved on process stack         */
    224              *(--stk)  = (INT32U)0x11111111L;             /* R11                                                */
   \       0x32   0xF04F 0x3111      MOV      R1,#+286331153
   \       0x36   0xF842 0x3C14      STR      R3,[R2, #-20]
   \       0x3A   0xF842 0x1C20      STR      R1,[R2, #-32]
    225              *(--stk)  = (INT32U)0x10101010L;             /* R10                                                */
   \       0x3E   0xF1A2 0x0024      SUB      R0,R2,#+36
   \       0x42   0xF04F 0x3210      MOV      R2,#+269488144
    226              *(--stk)  = (INT32U)0x09090909L;             /* R9                                                 */
   \       0x46   0xF04F 0x3109      MOV      R1,#+151587081
   \       0x4A   0x6002             STR      R2,[R0, #+0]
   \       0x4C   0xF840 0x1C04      STR      R1,[R0, #-4]
    227              *(--stk)  = (INT32U)0x08080808L;             /* R8                                                 */
    228              *(--stk)  = (INT32U)0x07070707L;             /* R7                                                 */
    229              *(--stk)  = (INT32U)0x06060606L;             /* R6                                                 */
   \       0x50   0xF04F 0x3206      MOV      R2,#+101058054
   \       0x54   0xF04F 0x3107      MOV      R1,#+117901063
   \       0x58   0xF840 0x1C0C      STR      R1,[R0, #-12]
   \       0x5C   0xF840 0x2C10      STR      R2,[R0, #-16]
   \       0x60   0xF04F 0x3308      MOV      R3,#+134744072
    230              *(--stk)  = (INT32U)0x05050505L;             /* R5                                                 */
   \       0x64   0xF04F 0x3105      MOV      R1,#+84215045
    231              *(--stk)  = (INT32U)0x04040404L;             /* R4                                                 */
   \       0x68   0xF04F 0x3204      MOV      R2,#+67372036
   \       0x6C   0xF840 0x3C08      STR      R3,[R0, #-8]
   \       0x70   0xF840 0x1C14      STR      R1,[R0, #-20]
   \       0x74   0xF840 0x2C18      STR      R2,[R0, #-24]
    232          
    233              return (stk);
   \       0x78   0x3818             SUBS     R0,R0,#+24
   \       0x7A   0x4770             BX       LR               ;; return
    234          }
    235          
    236          /*
    237          *********************************************************************************************************
    238          *                                           TASK SWITCH HOOK
    239          *
    240          * Description: This function is called when a task switch is performed.  This allows you to perform other
    241          *              operations during a context switch.
    242          *
    243          * Arguments  : none
    244          *
    245          * Note(s)    : 1) Interrupts are disabled during this call.
    246          *              2) It is assumed that the global pointer 'OSTCBHighRdy' points to the TCB of the task that
    247          *                 will be 'switched in' (i.e. the highest priority task) and, 'OSTCBCur' points to the
    248          *                 task being switched out (i.e. the preempted task).
    249          *********************************************************************************************************
    250          */
    251          #if (OS_CPU_HOOKS_EN > 0) && (OS_TASK_SW_HOOK_EN > 0)

   \                                 In section .text, align 2, keep-with-next
    252          void  OSTaskSwHook (void)
    253          {
    254          #if OS_APP_HOOKS_EN > 0
    255              App_TaskSwHook();
   \                     OSTaskSwHook: (+1)
   \        0x0   0x....'....        B.W      App_TaskSwHook
    256          #endif
    257          }
    258          #endif
    259          
    260          /*
    261          *********************************************************************************************************
    262          *                                           OS_TCBInit() HOOK
    263          *
    264          * Description: This function is called by OS_TCBInit() after setting up most of the TCB.
    265          *
    266          * Arguments  : ptcb    is a pointer to the TCB of the task being created.
    267          *
    268          * Note(s)    : 1) Interrupts may or may not be ENABLED during this call.
    269          *********************************************************************************************************
    270          */
    271          #if OS_CPU_HOOKS_EN > 0 && OS_VERSION > 203

   \                                 In section .text, align 2, keep-with-next
    272          void  OSTCBInitHook (OS_TCB *ptcb)
    273          {
    274          #if OS_APP_HOOKS_EN > 0
    275              App_TCBInitHook(ptcb);
   \                     OSTCBInitHook: (+1)
   \        0x0   0x....'....        B.W      App_TCBInitHook
    276          #else
    277              (void)ptcb;                                  /* Prevent compiler warning                           */
    278          #endif
    279          }
    280          #endif
    281          
    282          
    283          /*
    284          *********************************************************************************************************
    285          *                                               TICK HOOK
    286          *
    287          * Description: This function is called every tick.
    288          *
    289          * Arguments  : none
    290          *
    291          * Note(s)    : 1) Interrupts may or may not be ENABLED during this call.
    292          *********************************************************************************************************
    293          */
    294          #if (OS_CPU_HOOKS_EN > 0) && (OS_TIME_TICK_HOOK_EN > 0)

   \                                 In section .text, align 2, keep-with-next
    295          void  OSTimeTickHook (void)
    296          {
    297          #if OS_APP_HOOKS_EN > 0
    298              App_TimeTickHook();
   \                     OSTimeTickHook: (+1)
   \        0x0   0x....'....        B.W      App_TimeTickHook
    299          #endif
    300          
    301          #if OS_TMR_EN > 0
    302              OSTmrCtr++;
    303              if (OSTmrCtr >= (OS_TICKS_PER_SEC / OS_TMR_CFG_TICKS_PER_SEC)) {
    304                  OSTmrCtr = 0;
    305                  OSTmrSignal();
    306              }
    307          #endif
    308          }
    309          #endif
    310          
    311          
    312          
    313          /*
    314          *********************************************************************************************************
    315          *                                         OS_CPU_SysTickHandler()
    316          *
    317          * Description: Handle the system tick (SysTick) interrupt, which is used to generate the uC/OS-II tick
    318          *              interrupt.
    319          *
    320          * Arguments  : none.
    321          *
    322          * Note(s)    : 1) This function MUST be placed on entry 15 of the Cortex-M3 vector table.
    323          *********************************************************************************************************
    324          */
    325          

   \                                 In section .text, align 2, keep-with-next
    326          void  OS_CPU_SysTickHandler (void)
    327          {
   \                     OS_CPU_SysTickHandler: (+1)
   \        0x0   0xB580             PUSH     {R7,LR}
    328              OS_CPU_SR  cpu_sr;
    329          
    330          
    331              OS_ENTER_CRITICAL();                         /* Tell uC/OS-II that we are starting an ISR          */
   \        0x2   0x....'....        BL       OS_CPU_SR_Save
    332              OSIntNesting++;
   \        0x6   0x....             LDR.N    R1,??DataTable2
   \        0x8   0x780A             LDRB     R2,[R1, #+0]
   \        0xA   0x1C52             ADDS     R2,R2,#+1
   \        0xC   0x700A             STRB     R2,[R1, #+0]
    333              OS_EXIT_CRITICAL();
   \        0xE   0x....'....        BL       OS_CPU_SR_Restore
    334          
    335              OSTimeTick();                                /* Call uC/OS-II's OSTimeTick()                       */
   \       0x12   0x....'....        BL       OSTimeTick
    336          
    337              OSIntExit();                                 /* Tell uC/OS-II that we are leaving the ISR          */
   \       0x16   0xE8BD 0x4001      POP      {R0,LR}
   \       0x1A   0x....'....        B.W      OSIntExit
    338          }
    339          
    340          
    341          /*
    342          *********************************************************************************************************
    343          *                                          OS_CPU_SysTickInit()
    344          *
    345          * Description: Initialize the SysTick.
    346          *
    347          * Arguments  : none.
    348          *
    349          * Note(s)    : 1) This function MUST be called after OSStart() & after processor initialization.
    350          *********************************************************************************************************
    351          */
    352          

   \                                 In section .text, align 2, keep-with-next
    353          void  OS_CPU_SysTickInit (void)
    354          {
   \                     OS_CPU_SysTickInit: (+1)
   \        0x0   0xB510             PUSH     {R4,LR}
    355              INT32U  cnts;
    356          
    357          
    358              cnts = OS_CPU_SysTickClkFreq() / OS_TICKS_PER_SEC;
    359          
    360              OS_CPU_CM3_NVIC_ST_RELOAD = (cnts - 1);
   \        0x2   0x....'....        BL       OS_CPU_SysTickClkFreq
   \        0x6   0xF44F 0x717A      MOV      R1,#+1000
   \        0xA   0x....             LDR.N    R4,??DataTable2_1  ;; 0xe000e010
   \        0xC   0xFBB0 0xF0F1      UDIV     R0,R0,R1
   \       0x10   0x1E40             SUBS     R0,R0,#+1
   \       0x12   0x6060             STR      R0,[R4, #+4]
    361                                                           /* Enable timer.                                      */
    362              OS_CPU_CM3_NVIC_ST_CTRL  |= OS_CPU_CM3_NVIC_ST_CTRL_CLK_SRC | OS_CPU_CM3_NVIC_ST_CTRL_ENABLE;
   \       0x14   0x6822             LDR      R2,[R4, #+0]
   \       0x16   0xF042 0x0205      ORR      R2,R2,#0x5
   \       0x1A   0x6022             STR      R2,[R4, #+0]
    363                                                           /* Enable timer interrupt.                            */
    364              OS_CPU_CM3_NVIC_ST_CTRL  |= OS_CPU_CM3_NVIC_ST_CTRL_INTEN;
   \       0x1C   0x6820             LDR      R0,[R4, #+0]
   \       0x1E   0xF040 0x0002      ORR      R0,R0,#0x2
   \       0x22   0x6020             STR      R0,[R4, #+0]
    365          }
   \       0x24   0xBD10             POP      {R4,PC}          ;; return

   \                                 In section .text, align 4, keep-with-next
   \                     ??DataTable2:
   \        0x0   0x....'....        DC32     OSIntNesting

   \                                 In section .text, align 4, keep-with-next
   \                     ??DataTable2_1:
   \        0x0   0xE000'E010        DC32     0xe000e010

   Maximum stack usage in bytes:

   .cstack Function
   ------- --------
       0   OSInitHookBegin
       0   OSInitHookEnd
       0   OSTCBInitHook
         0   -> App_TCBInitHook
       0   OSTaskCreateHook
         0   -> App_TaskCreateHook
       0   OSTaskDelHook
         0   -> App_TaskDelHook
       0   OSTaskIdleHook
         0   -> App_TaskIdleHook
       0   OSTaskStatHook
         0   -> App_TaskStatHook
       0   OSTaskStkInit
       0   OSTaskSwHook
         0   -> App_TaskSwHook
       0   OSTimeTickHook
         0   -> App_TimeTickHook
       8   OS_CPU_SysTickHandler
         0   -> OSIntExit
         8   -> OSTimeTick
         8   -> OS_CPU_SR_Restore
         8   -> OS_CPU_SR_Save
       8   OS_CPU_SysTickInit
         8   -> OS_CPU_SysTickClkFreq


   Section sizes:

   Bytes  Function/Label
   -----  --------------
       4  ??DataTable2
       4  ??DataTable2_1
       2  OSInitHookBegin
       2  OSInitHookEnd
       4  OSTCBInitHook
       4  OSTaskCreateHook
       4  OSTaskDelHook
       4  OSTaskIdleHook
       4  OSTaskStatHook
     124  OSTaskStkInit
       4  OSTaskSwHook
       4  OSTimeTickHook
      30  OS_CPU_SysTickHandler
      38  OS_CPU_SysTickInit

 
 232 bytes in section .text
 
 232 bytes of CODE memory

Errors: none
Warnings: none
