###############################################################################
#
# IAR ANSI C/C++ Compiler V8.40.2.214/W32 for ARM         23/Dec/2019  14:43:42
# Copyright 1999-2019 IAR Systems AB.
#
#    Cpu mode     =  
#    Endian       =  little
#    Source file  =
#        C:\Baby\test02\exam\ett\Micrium\Software\CPU\ST\STM32\src\stm32f10x_pwr.c
#    Command line =
#        -f C:\Users\hn829\AppData\Local\Temp\EW2FE1.tmp
#        (C:\Baby\test02\exam\ett\Micrium\Software\CPU\ST\STM32\src\stm32f10x_pwr.c
#        -lCN
#        C:\Baby\test02\exam\ett\Micrium\Software\EvalBoards\ST\STM3210B-EVAL\IAR\OS-Probe\Flash\List
#        -o
#        C:\Baby\test02\exam\ett\Micrium\Software\EvalBoards\ST\STM3210B-EVAL\IAR\OS-Probe\Flash\Obj
#        --debug --endian=little --cpu=Cortex-M3 -e --fpu=None --dlib_config
#        "C:\Program Files (x86)\IAR Systems\Embedded Workbench
#        8.3\arm\inc\c\DLib_Config_Normal.h" -I
#        C:\Baby\test02\exam\ett\Micrium\Software\EvalBoards\ST\STM3210B-EVAL\IAR\OS-Probe\
#        -I
#        C:\Baby\test02\exam\ett\Micrium\Software\EvalBoards\ST\STM3210B-EVAL\IAR\OS-Probe\..\..\..\..\..\ucos-ii\ports\arm-cortex-m3\generic\iar\
#        -I
#        C:\Baby\test02\exam\ett\Micrium\Software\EvalBoards\ST\STM3210B-EVAL\IAR\OS-Probe\..\..\..\..\..\ucos-ii\source\
#        -I
#        C:\Baby\test02\exam\ett\Micrium\Software\EvalBoards\ST\STM3210B-EVAL\IAR\OS-Probe\..\..\..\..\..\uc-lib\
#        -I
#        C:\Baby\test02\exam\ett\Micrium\Software\EvalBoards\ST\STM3210B-EVAL\IAR\OS-Probe\..\..\..\..\..\uc-cpu\
#        -I
#        C:\Baby\test02\exam\ett\Micrium\Software\EvalBoards\ST\STM3210B-EVAL\IAR\OS-Probe\..\..\..\..\..\uc-cpu\ARM-Cortex-M3\IAR\
#        -I
#        C:\Baby\test02\exam\ett\Micrium\Software\EvalBoards\ST\STM3210B-EVAL\IAR\OS-Probe\..\..\..\..\..\cpu\st\stm32\inc\
#        -I
#        C:\Baby\test02\exam\ett\Micrium\Software\EvalBoards\ST\STM3210B-EVAL\IAR\OS-Probe\..\BSP\
#        -I
#        C:\Baby\test02\exam\ett\Micrium\Software\EvalBoards\ST\STM3210B-EVAL\IAR\OS-Probe\..\..\..\..\..\uC-Probe\Target\Communication\Generic\RS-232\Source\
#        -I
#        C:\Baby\test02\exam\ett\Micrium\Software\EvalBoards\ST\STM3210B-EVAL\IAR\OS-Probe\..\..\..\..\..\uC-Probe\Target\Communication\Generic\RS-232\Ports\ST\STM32\
#        -I
#        C:\Baby\test02\exam\ett\Micrium\Software\EvalBoards\ST\STM3210B-EVAL\IAR\OS-Probe\..\..\..\..\..\uC-Probe\Target\Communication\Generic\Source\
#        -I
#        C:\Baby\test02\exam\ett\Micrium\Software\EvalBoards\ST\STM3210B-EVAL\IAR\OS-Probe\..\..\..\..\..\uC-Probe\Target\Plugins\uCOS-II\
#        -Ohz --use_c++_inline)
#    Locale       =  C
#    List file    =
#        C:\Baby\test02\exam\ett\Micrium\Software\EvalBoards\ST\STM3210B-EVAL\IAR\OS-Probe\Flash\List\stm32f10x_pwr.lst
#    Object file  =
#        C:\Baby\test02\exam\ett\Micrium\Software\EvalBoards\ST\STM3210B-EVAL\IAR\OS-Probe\Flash\Obj\stm32f10x_pwr.o
#
###############################################################################

C:\Baby\test02\exam\ett\Micrium\Software\CPU\ST\STM32\src\stm32f10x_pwr.c
      1          /******************** (C) COPYRIGHT 2008 STMicroelectronics ********************
      2          * File Name          : stm32f10x_pwr.c
      3          * Author             : MCD Application Team
      4          * Version            : V2.0
      5          * Date               : 05/23/2008
      6          * Description        : This file provides all the PWR firmware functions.
      7          ********************************************************************************
      8          * THE PRESENT FIRMWARE WHICH IS FOR GUIDANCE ONLY AIMS AT PROVIDING CUSTOMERS
      9          * WITH CODING INFORMATION REGARDING THEIR PRODUCTS IN ORDER FOR THEM TO SAVE TIME.
     10          * AS A RESULT, STMICROELECTRONICS SHALL NOT BE HELD LIABLE FOR ANY DIRECT,
     11          * INDIRECT OR CONSEQUENTIAL DAMAGES WITH RESPECT TO ANY CLAIMS ARISING FROM THE
     12          * CONTENT OF SUCH SOFTWARE AND/OR THE USE MADE BY CUSTOMERS OF THE CODING
     13          * INFORMATION CONTAINED HEREIN IN CONNECTION WITH THEIR PRODUCTS.
     14          * FOR MORE INFORMATION PLEASE CAREFULLY READ THE LICENSE AGREEMENT FILE LOCATED 
     15          * IN THE ROOT DIRECTORY OF THIS FIRMWARE PACKAGE.
     16          *******************************************************************************/
     17          
     18          /* Includes ------------------------------------------------------------------*/
     19          #include "stm32f10x_pwr.h"
     20          #include "stm32f10x_rcc.h"
     21          
     22          /* Private typedef -----------------------------------------------------------*/
     23          /* Private define ------------------------------------------------------------*/
     24          /* --------- PWR registers bit address in the alias region ---------- */
     25          #define PWR_OFFSET               (PWR_BASE - PERIPH_BASE)
     26          
     27          /* --- CR Register ---*/
     28          /* Alias word address of DBP bit */
     29          #define CR_OFFSET                (PWR_OFFSET + 0x00)
     30          #define DBP_BitNumber            0x08
     31          #define CR_DBP_BB                (PERIPH_BB_BASE + (CR_OFFSET * 32) + (DBP_BitNumber * 4))
     32          
     33          /* Alias word address of PVDE bit */
     34          #define PVDE_BitNumber           0x04
     35          #define CR_PVDE_BB               (PERIPH_BB_BASE + (CR_OFFSET * 32) + (PVDE_BitNumber * 4))
     36          
     37          /* --- CSR Register ---*/
     38          /* Alias word address of EWUP bit */
     39          #define CSR_OFFSET               (PWR_OFFSET + 0x04)
     40          #define EWUP_BitNumber           0x08
     41          #define CSR_EWUP_BB              (PERIPH_BB_BASE + (CSR_OFFSET * 32) + (EWUP_BitNumber * 4))
     42          
     43          /* ------------------ PWR registers bit mask ------------------------ */
     44          /* CR register bit mask */
     45          #define CR_PDDS_Set              ((u32)0x00000002)
     46          #define CR_DS_Mask               ((u32)0xFFFFFFFC)
     47          #define CR_CWUF_Set              ((u32)0x00000004)
     48          #define CR_PLS_Mask              ((u32)0xFFFFFF1F)
     49          
     50          /* --------- Cortex System Control register bit mask ---------------- */
     51          /* Cortex System Control register address */
     52          #define SCB_SysCtrl              ((u32)0xE000ED10)
     53          /* SLEEPDEEP bit mask */
     54          #define SysCtrl_SLEEPDEEP_Set    ((u32)0x00000004)
     55          
     56          /* Private macro -------------------------------------------------------------*/
     57          /* Private variables ---------------------------------------------------------*/
     58          /* Private function prototypes -----------------------------------------------*/
     59          /* Private functions ---------------------------------------------------------*/
     60          
     61          /*******************************************************************************
     62          * Function Name  : PWR_DeInit
     63          * Description    : Deinitializes the PWR peripheral registers to their default
     64          *                  reset values.
     65          * Input          : None
     66          * Output         : None
     67          * Return         : None
     68          *******************************************************************************/

   \                                 In section .text, align 2, keep-with-next
     69          void PWR_DeInit(void)
     70          {
   \                     PWR_DeInit: (+1)
   \        0x0   0xB580             PUSH     {R7,LR}
     71            RCC_APB1PeriphResetCmd(RCC_APB1Periph_PWR, ENABLE);
   \        0x2   0x2101             MOVS     R1,#+1
   \        0x4   0xF04F 0x5080      MOV      R0,#+268435456
   \        0x8   0x....'....        BL       RCC_APB1PeriphResetCmd
     72            RCC_APB1PeriphResetCmd(RCC_APB1Periph_PWR, DISABLE);
   \        0xC   0xE8BD 0x4004      POP      {R2,LR}
   \       0x10   0x2100             MOVS     R1,#+0
   \       0x12   0xF04F 0x5080      MOV      R0,#+268435456
   \       0x16   0x....'....        B.W      RCC_APB1PeriphResetCmd
     73          }
     74          
     75          /*******************************************************************************
     76          * Function Name  : PWR_BackupAccessCmd
     77          * Description    : Enables or disables access to the RTC and backup registers.
     78          * Input          : - NewState: new state of the access to the RTC and backup
     79          *                    registers. This parameter can be: ENABLE or DISABLE.
     80          * Output         : None
     81          * Return         : None
     82          *******************************************************************************/

   \                                 In section .text, align 2, keep-with-next
     83          void PWR_BackupAccessCmd(FunctionalState NewState)
     84          {
     85            /* Check the parameters */
     86            assert_param(IS_FUNCTIONAL_STATE(NewState));
     87          
     88            *(vu32 *) CR_DBP_BB = (u32)NewState;
   \                     PWR_BackupAccessCmd: (+1)
   \        0x0   0x....             LDR.N    R1,??DataTable8  ;; 0x420e0020
   \        0x2   0x6008             STR      R0,[R1, #+0]
     89          }
   \        0x4   0x4770             BX       LR               ;; return
     90          
     91          /*******************************************************************************
     92          * Function Name  : PWR_PVDCmd
     93          * Description    : Enables or disables the Power Voltage Detector(PVD).
     94          * Input          : - NewState: new state of the PVD.
     95          *                    This parameter can be: ENABLE or DISABLE.
     96          * Output         : None
     97          * Return         : None
     98          *******************************************************************************/

   \                                 In section .text, align 2, keep-with-next
     99          void PWR_PVDCmd(FunctionalState NewState)
    100          {
    101            /* Check the parameters */
    102            assert_param(IS_FUNCTIONAL_STATE(NewState));
    103          
    104            *(vu32 *) CR_PVDE_BB = (u32)NewState;
   \                     PWR_PVDCmd: (+1)
   \        0x0   0x....             LDR.N    R1,??DataTable8_1  ;; 0x420e0010
   \        0x2   0x6008             STR      R0,[R1, #+0]
    105          }
   \        0x4   0x4770             BX       LR               ;; return
    106          
    107          /*******************************************************************************
    108          * Function Name  : PWR_PVDLevelConfig
    109          * Description    : Configures the voltage threshold detected by the Power Voltage
    110          *                  Detector(PVD).
    111          * Input          : - PWR_PVDLevel: specifies the PVD detection level
    112          *                    This parameter can be one of the following values:
    113          *                       - PWR_PVDLevel_2V2: PVD detection level set to 2.2V
    114          *                       - PWR_PVDLevel_2V3: PVD detection level set to 2.3V
    115          *                       - PWR_PVDLevel_2V4: PVD detection level set to 2.4V
    116          *                       - PWR_PVDLevel_2V5: PVD detection level set to 2.5V
    117          *                       - PWR_PVDLevel_2V6: PVD detection level set to 2.6V
    118          *                       - PWR_PVDLevel_2V7: PVD detection level set to 2.7V
    119          *                       - PWR_PVDLevel_2V8: PVD detection level set to 2.8V
    120          *                       - PWR_PVDLevel_2V9: PVD detection level set to 2.9V
    121          * Output         : None
    122          * Return         : None
    123          *******************************************************************************/

   \                                 In section .text, align 2, keep-with-next
    124          void PWR_PVDLevelConfig(u32 PWR_PVDLevel)
    125          {
    126            u32 tmpreg = 0;
    127          
    128            /* Check the parameters */
    129            assert_param(IS_PWR_PVD_LEVEL(PWR_PVDLevel));
    130          
    131            tmpreg = PWR->CR;
   \                     PWR_PVDLevelConfig: (+1)
   \        0x0   0x....             LDR.N    R1,??DataTable8_2  ;; 0x40007000
   \        0x2   0x680A             LDR      R2,[R1, #+0]
    132          
    133            /* Clear PLS[7:5] bits */
    134            tmpreg &= CR_PLS_Mask;
    135          
    136            /* Set PLS[7:5] bits according to PWR_PVDLevel value */
    137            tmpreg |= PWR_PVDLevel;
    138          
    139            /* Store the new value */
    140            PWR->CR = tmpreg;
   \        0x4   0xF022 0x02E0      BIC      R2,R2,#0xE0
   \        0x8   0x4310             ORRS     R0,R0,R2
   \        0xA   0x6008             STR      R0,[R1, #+0]
    141          }
   \        0xC   0x4770             BX       LR               ;; return
    142          
    143          /*******************************************************************************
    144          * Function Name  : PWR_WakeUpPinCmd
    145          * Description    : Enables or disables the WakeUp Pin functionality.
    146          * Input          : - NewState: new state of the WakeUp Pin functionality.
    147          *                    This parameter can be: ENABLE or DISABLE.
    148          * Output         : None
    149          * Return         : None
    150          *******************************************************************************/

   \                                 In section .text, align 2, keep-with-next
    151          void PWR_WakeUpPinCmd(FunctionalState NewState)
    152          {
    153            /* Check the parameters */
    154            assert_param(IS_FUNCTIONAL_STATE(NewState));
    155          
    156            *(vu32 *) CSR_EWUP_BB = (u32)NewState;
   \                     PWR_WakeUpPinCmd: (+1)
   \        0x0   0x....             LDR.N    R1,??DataTable8_3  ;; 0x420e00a0
   \        0x2   0x6008             STR      R0,[R1, #+0]
    157          }
   \        0x4   0x4770             BX       LR               ;; return
    158          
    159          /*******************************************************************************
    160          * Function Name  : PWR_EnterSTOPMode
    161          * Description    : Enters STOP mode.
    162          * Input          : - PWR_Regulator: specifies the regulator state in STOP mode.
    163          *                    This parameter can be one of the following values:
    164          *                       - PWR_Regulator_ON: STOP mode with regulator ON
    165          *                       - PWR_Regulator_LowPower: STOP mode with
    166          *                         regulator in low power mode
    167          *                  - PWR_STOPEntry: specifies if STOP mode in entered with WFI or 
    168          *                    WFE instruction.
    169          *                    This parameter can be one of the following values:
    170          *                       - PWR_STOPEntry_WFI: enter STOP mode with WFI instruction
    171          *                       - PWR_STOPEntry_WFE: enter STOP mode with WFE instruction
    172          * Output         : None
    173          * Return         : None
    174          *******************************************************************************/

   \                                 In section .text, align 2, keep-with-next
    175          void PWR_EnterSTOPMode(u32 PWR_Regulator, u8 PWR_STOPEntry)
    176          {
    177            u32 tmpreg = 0;
    178          
    179            /* Check the parameters */
    180            assert_param(IS_PWR_REGULATOR(PWR_Regulator));
    181            assert_param(IS_PWR_STOP_ENTRY(PWR_STOPEntry));
    182            
    183            /* Select the regulator state in STOP mode ---------------------------------*/
    184            tmpreg = PWR->CR;
   \                     PWR_EnterSTOPMode: (+1)
   \        0x0   0x....             LDR.N    R2,??DataTable8_2  ;; 0x40007000
   \        0x2   0x6813             LDR      R3,[R2, #+0]
    185          
    186            /* Clear PDDS and LPDS bits */
    187            tmpreg &= CR_DS_Mask;
    188          
    189            /* Set LPDS bit according to PWR_Regulator value */
    190            tmpreg |= PWR_Regulator;
    191          
    192            /* Store the new value */
    193            PWR->CR = tmpreg;
   \        0x4   0x089B             LSRS     R3,R3,#+2
   \        0x6   0xEA40 0x0083      ORR      R0,R0,R3, LSL #+2
   \        0xA   0x6010             STR      R0,[R2, #+0]
    194          
    195            /* Set SLEEPDEEP bit of Cortex System Control Register */
    196            *(vu32 *) SCB_SysCtrl |= SysCtrl_SLEEPDEEP_Set;
    197            
    198            /* Select STOP mode entry --------------------------------------------------*/
    199            if(PWR_STOPEntry == PWR_STOPEntry_WFI)
   \        0xC   0x2901             CMP      R1,#+1
   \        0xE   0x....             LDR.N    R0,??DataTable8_4  ;; 0xe000ed10
   \       0x10   0x6802             LDR      R2,[R0, #+0]
   \       0x12   0xF042 0x0204      ORR      R2,R2,#0x4
   \       0x16   0x6002             STR      R2,[R0, #+0]
   \       0x18   0xBF08             IT       EQ 
    200            {   
    201              /* Request Wait For Interrupt */
    202              __WFI();
   \       0x1A   0x....'....        BEQ.W    __WFI
    203            }
    204            else
    205            {
    206              /* Request Wait For Event */
    207              __WFE();
   \       0x1E   0x....'....        B.W      __WFE
    208            }
    209          }
    210          
    211          /*******************************************************************************
    212          * Function Name  : PWR_EnterSTANDBYMode
    213          * Description    : Enters STANDBY mode.
    214          * Input          : None
    215          * Output         : None
    216          * Return         : None
    217          *******************************************************************************/

   \                                 In section .text, align 2, keep-with-next
    218          void PWR_EnterSTANDBYMode(void)
    219          {
    220            /* Clear Wake-up flag */
    221            PWR->CR |= CR_CWUF_Set;
   \                     PWR_EnterSTANDBYMode: (+1)
   \        0x0   0x....             LDR.N    R0,??DataTable8_2  ;; 0x40007000
   \        0x2   0x6801             LDR      R1,[R0, #+0]
   \        0x4   0xF041 0x0104      ORR      R1,R1,#0x4
   \        0x8   0x6001             STR      R1,[R0, #+0]
    222          
    223            /* Select STANDBY mode */
    224            PWR->CR |= CR_PDDS_Set;
   \        0xA   0x6802             LDR      R2,[R0, #+0]
   \        0xC   0xF042 0x0202      ORR      R2,R2,#0x2
   \       0x10   0x6002             STR      R2,[R0, #+0]
    225          
    226            /* Set SLEEPDEEP bit of Cortex System Control Register */
    227            *(vu32 *) SCB_SysCtrl |= SysCtrl_SLEEPDEEP_Set;
   \       0x12   0x....             LDR.N    R0,??DataTable8_4  ;; 0xe000ed10
   \       0x14   0x6801             LDR      R1,[R0, #+0]
   \       0x16   0xF041 0x0104      ORR      R1,R1,#0x4
   \       0x1A   0x6001             STR      R1,[R0, #+0]
    228          
    229            /* Request Wait For Interrupt */
    230            __WFI();
   \       0x1C   0x....'....        B.W      __WFI
    231          }
    232          
    233          /*******************************************************************************
    234          * Function Name  : PWR_GetFlagStatus
    235          * Description    : Checks whether the specified PWR flag is set or not.
    236          * Input          : - PWR_FLAG: specifies the flag to check.
    237          *                    This parameter can be one of the following values:
    238          *                       - PWR_FLAG_WU: Wake Up flag
    239          *                       - PWR_FLAG_SB: StandBy flag
    240          *                       - PWR_FLAG_PVDO: PVD Output
    241          * Output         : None
    242          * Return         : The new state of PWR_FLAG (SET or RESET).
    243          *******************************************************************************/

   \                                 In section .text, align 2, keep-with-next
    244          FlagStatus PWR_GetFlagStatus(u32 PWR_FLAG)
    245          {
    246            FlagStatus bitstatus = RESET;
    247          
    248            /* Check the parameters */
    249            assert_param(IS_PWR_GET_FLAG(PWR_FLAG));
    250            
    251            if ((PWR->CSR & PWR_FLAG) != (u32)RESET)
   \                     PWR_GetFlagStatus: (+1)
   \        0x0   0x....             LDR.N    R2,??DataTable8_5  ;; 0x40007004
   \        0x2   0x6813             LDR      R3,[R2, #+0]
   \        0x4   0x4601             MOV      R1,R0
   \        0x6   0x2000             MOVS     R0,#+0
   \        0x8   0x420B             TST      R3,R1
   \        0xA   0xBF18             IT       NE 
   \        0xC   0x2001             MOVNE    R0,#+1
    252            {
    253              bitstatus = SET;
    254            }
    255            else
    256            {
    257              bitstatus = RESET;
    258            }
    259          
    260            /* Return the flag status */
    261            return bitstatus;
   \        0xE   0x4770             BX       LR               ;; return
    262          }
    263          
    264          /*******************************************************************************
    265          * Function Name  : PWR_ClearFlag
    266          * Description    : Clears the PWR's pending flags.
    267          * Input          : - PWR_FLAG: specifies the flag to clear.
    268          *                    This parameter can be one of the following values:
    269          *                       - PWR_FLAG_WU: Wake Up flag
    270          *                       - PWR_FLAG_SB: StandBy flag
    271          * Output         : None
    272          * Return         : None
    273          *******************************************************************************/

   \                                 In section .text, align 2, keep-with-next
    274          void PWR_ClearFlag(u32 PWR_FLAG)
    275          {
    276            /* Check the parameters */
    277            assert_param(IS_PWR_CLEAR_FLAG(PWR_FLAG));
    278                   
    279            PWR->CR |=  PWR_FLAG << 2;
   \                     PWR_ClearFlag: (+1)
   \        0x0   0x....             LDR.N    R1,??DataTable8_2  ;; 0x40007000
   \        0x2   0x680A             LDR      R2,[R1, #+0]
   \        0x4   0xEA42 0x0280      ORR      R2,R2,R0, LSL #+2
   \        0x8   0x600A             STR      R2,[R1, #+0]
    280          }
   \        0xA   0x4770             BX       LR               ;; return

   \                                 In section .text, align 4, keep-with-next
   \                     ??DataTable8:
   \        0x0   0x420E'0020        DC32     0x420e0020

   \                                 In section .text, align 4, keep-with-next
   \                     ??DataTable8_1:
   \        0x0   0x420E'0010        DC32     0x420e0010

   \                                 In section .text, align 4, keep-with-next
   \                     ??DataTable8_2:
   \        0x0   0x4000'7000        DC32     0x40007000

   \                                 In section .text, align 4, keep-with-next
   \                     ??DataTable8_3:
   \        0x0   0x420E'00A0        DC32     0x420e00a0

   \                                 In section .text, align 4, keep-with-next
   \                     ??DataTable8_4:
   \        0x0   0xE000'ED10        DC32     0xe000ed10

   \                                 In section .text, align 4, keep-with-next
   \                     ??DataTable8_5:
   \        0x0   0x4000'7004        DC32     0x40007004
    281          
    282          /******************* (C) COPYRIGHT 2008 STMicroelectronics *****END OF FILE****/

   Maximum stack usage in bytes:

   .cstack Function
   ------- --------
       0   PWR_BackupAccessCmd
       0   PWR_ClearFlag
       8   PWR_DeInit
         0   -> RCC_APB1PeriphResetCmd
         8   -> RCC_APB1PeriphResetCmd
       0   PWR_EnterSTANDBYMode
         0   -> __WFI
       0   PWR_EnterSTOPMode
         0   -> __WFE
         0   -> __WFI
       0   PWR_GetFlagStatus
       0   PWR_PVDCmd
       0   PWR_PVDLevelConfig
       0   PWR_WakeUpPinCmd


   Section sizes:

   Bytes  Function/Label
   -----  --------------
       4  ??DataTable8
       4  ??DataTable8_1
       4  ??DataTable8_2
       4  ??DataTable8_3
       4  ??DataTable8_4
       4  ??DataTable8_5
       6  PWR_BackupAccessCmd
      12  PWR_ClearFlag
      26  PWR_DeInit
      32  PWR_EnterSTANDBYMode
      34  PWR_EnterSTOPMode
      16  PWR_GetFlagStatus
       6  PWR_PVDCmd
      14  PWR_PVDLevelConfig
       6  PWR_WakeUpPinCmd

 
 176 bytes in section .text
 
 176 bytes of CODE memory

Errors: none
Warnings: none
