###############################################################################
#
# IAR ANSI C/C++ Compiler V8.40.2.214/W32 for ARM         23/Dec/2019  14:43:42
# Copyright 1999-2019 IAR Systems AB.
#
#    Cpu mode     =  
#    Endian       =  little
#    Source file  =
#        C:\Baby\test02\exam\ett\Micrium\Software\CPU\ST\STM32\src\stm32f10x_nvic.c
#    Command line =
#        -f C:\Users\hn829\AppData\Local\Temp\EW2F15.tmp
#        (C:\Baby\test02\exam\ett\Micrium\Software\CPU\ST\STM32\src\stm32f10x_nvic.c
#        -lCN
#        C:\Baby\test02\exam\ett\Micrium\Software\EvalBoards\ST\STM3210B-EVAL\IAR\OS-Probe\Flash\List
#        -o
#        C:\Baby\test02\exam\ett\Micrium\Software\EvalBoards\ST\STM3210B-EVAL\IAR\OS-Probe\Flash\Obj
#        --debug --endian=little --cpu=Cortex-M3 -e --fpu=None --dlib_config
#        "C:\Program Files (x86)\IAR Systems\Embedded Workbench
#        8.3\arm\inc\c\DLib_Config_Normal.h" -I
#        C:\Baby\test02\exam\ett\Micrium\Software\EvalBoards\ST\STM3210B-EVAL\IAR\OS-Probe\
#        -I
#        C:\Baby\test02\exam\ett\Micrium\Software\EvalBoards\ST\STM3210B-EVAL\IAR\OS-Probe\..\..\..\..\..\ucos-ii\ports\arm-cortex-m3\generic\iar\
#        -I
#        C:\Baby\test02\exam\ett\Micrium\Software\EvalBoards\ST\STM3210B-EVAL\IAR\OS-Probe\..\..\..\..\..\ucos-ii\source\
#        -I
#        C:\Baby\test02\exam\ett\Micrium\Software\EvalBoards\ST\STM3210B-EVAL\IAR\OS-Probe\..\..\..\..\..\uc-lib\
#        -I
#        C:\Baby\test02\exam\ett\Micrium\Software\EvalBoards\ST\STM3210B-EVAL\IAR\OS-Probe\..\..\..\..\..\uc-cpu\
#        -I
#        C:\Baby\test02\exam\ett\Micrium\Software\EvalBoards\ST\STM3210B-EVAL\IAR\OS-Probe\..\..\..\..\..\uc-cpu\ARM-Cortex-M3\IAR\
#        -I
#        C:\Baby\test02\exam\ett\Micrium\Software\EvalBoards\ST\STM3210B-EVAL\IAR\OS-Probe\..\..\..\..\..\cpu\st\stm32\inc\
#        -I
#        C:\Baby\test02\exam\ett\Micrium\Software\EvalBoards\ST\STM3210B-EVAL\IAR\OS-Probe\..\BSP\
#        -I
#        C:\Baby\test02\exam\ett\Micrium\Software\EvalBoards\ST\STM3210B-EVAL\IAR\OS-Probe\..\..\..\..\..\uC-Probe\Target\Communication\Generic\RS-232\Source\
#        -I
#        C:\Baby\test02\exam\ett\Micrium\Software\EvalBoards\ST\STM3210B-EVAL\IAR\OS-Probe\..\..\..\..\..\uC-Probe\Target\Communication\Generic\RS-232\Ports\ST\STM32\
#        -I
#        C:\Baby\test02\exam\ett\Micrium\Software\EvalBoards\ST\STM3210B-EVAL\IAR\OS-Probe\..\..\..\..\..\uC-Probe\Target\Communication\Generic\Source\
#        -I
#        C:\Baby\test02\exam\ett\Micrium\Software\EvalBoards\ST\STM3210B-EVAL\IAR\OS-Probe\..\..\..\..\..\uC-Probe\Target\Plugins\uCOS-II\
#        -Ohz --use_c++_inline)
#    Locale       =  C
#    List file    =
#        C:\Baby\test02\exam\ett\Micrium\Software\EvalBoards\ST\STM3210B-EVAL\IAR\OS-Probe\Flash\List\stm32f10x_nvic.lst
#    Object file  =
#        C:\Baby\test02\exam\ett\Micrium\Software\EvalBoards\ST\STM3210B-EVAL\IAR\OS-Probe\Flash\Obj\stm32f10x_nvic.o
#
###############################################################################

C:\Baby\test02\exam\ett\Micrium\Software\CPU\ST\STM32\src\stm32f10x_nvic.c
      1          /******************** (C) COPYRIGHT 2008 STMicroelectronics ********************
      2          * File Name          : stm32f10x_nvic.c
      3          * Author             : MCD Application Team
      4          * Version            : V2.0
      5          * Date               : 05/23/2008
      6          * Description        : This file provides all the NVIC firmware functions.
      7          ********************************************************************************
      8          * THE PRESENT FIRMWARE WHICH IS FOR GUIDANCE ONLY AIMS AT PROVIDING CUSTOMERS
      9          * WITH CODING INFORMATION REGARDING THEIR PRODUCTS IN ORDER FOR THEM TO SAVE TIME.
     10          * AS A RESULT, STMICROELECTRONICS SHALL NOT BE HELD LIABLE FOR ANY DIRECT,
     11          * INDIRECT OR CONSEQUENTIAL DAMAGES WITH RESPECT TO ANY CLAIMS ARISING FROM THE
     12          * CONTENT OF SUCH SOFTWARE AND/OR THE USE MADE BY CUSTOMERS OF THE CODING
     13          * INFORMATION CONTAINED HEREIN IN CONNECTION WITH THEIR PRODUCTS.
     14          * FOR MORE INFORMATION PLEASE CAREFULLY READ THE LICENSE AGREEMENT FILE LOCATED 
     15          * IN THE ROOT DIRECTORY OF THIS FIRMWARE PACKAGE.
     16          *******************************************************************************/
     17          
     18          /* Includes ------------------------------------------------------------------*/
     19          #include "stm32f10x_nvic.h"
     20          
     21          /* Private typedef -----------------------------------------------------------*/
     22          /* Private define ------------------------------------------------------------*/
     23          #define AIRCR_VECTKEY_MASK    ((u32)0x05FA0000)
     24          
     25          /* Private macro -------------------------------------------------------------*/
     26          /* Private variables ---------------------------------------------------------*/
     27          /* Private function prototypes -----------------------------------------------*/
     28          /* Private functions ---------------------------------------------------------*/
     29          
     30          /*******************************************************************************
     31          * Function Name  : NVIC_DeInit
     32          * Description    : Deinitializes the NVIC peripheral registers to their default
     33          *                  reset values.
     34          * Input          : None
     35          * Output         : None
     36          * Return         : None
     37          *******************************************************************************/

   \                                 In section .text, align 2, keep-with-next
     38          void NVIC_DeInit(void)
     39          {
     40            u32 index = 0;
     41            
     42            NVIC->ICER[0] = 0xFFFFFFFF;
   \                     NVIC_DeInit: (+1)
   \        0x0   0x....             LDR.N    R1,??DataTable22  ;; 0xe000e180
   \        0x2   0xF04F 0x32FF      MOV      R2,#-1
   \        0x6   0x600A             STR      R2,[R1, #+0]
     43            NVIC->ICER[1] = 0x0FFFFFFF;
   \        0x8   0xF06F 0x4370      MVN      R3,#-268435456
   \        0xC   0x604B             STR      R3,[R1, #+4]
   \        0xE   0x2000             MOVS     R0,#+0
     44            NVIC->ICPR[0] = 0xFFFFFFFF;
   \       0x10   0x....             LDR.N    R1,??DataTable22_1  ;; 0xe000e280
   \       0x12   0x600A             STR      R2,[R1, #+0]
     45            NVIC->ICPR[1] = 0x0FFFFFFF;
   \       0x14   0x604B             STR      R3,[R1, #+4]
   \       0x16   0x2100             MOVS     R1,#+0
   \       0x18   0x....             LDR.N    R2,??DataTable22_2  ;; 0xe000e400
     46            
     47            for(index = 0; index < 0x0F; index++)
     48            {
     49               NVIC->IPR[index] = 0x00000000;
   \                     ??NVIC_DeInit_0: (+1)
   \       0x1A   0xF842 0x1020      STR      R1,[R2, R0, LSL #+2]
     50            } 
   \       0x1E   0x1C40             ADDS     R0,R0,#+1
   \       0x20   0x280F             CMP      R0,#+15
   \       0x22   0xD3FA             BCC.N    ??NVIC_DeInit_0
     51          }
   \       0x24   0x4770             BX       LR               ;; return
     52          
     53          /*******************************************************************************
     54          * Function Name  : NVIC_SCBDeInit
     55          * Description    : Deinitializes the SCB peripheral registers to their default 
     56          *                  reset values.
     57          * Input          : None
     58          * Output         : None
     59          * Return         : None
     60          *******************************************************************************/

   \                                 In section .text, align 2, keep-with-next
     61          void NVIC_SCBDeInit(void)
     62          {
   \                     NVIC_SCBDeInit: (+1)
   \        0x0   0xB510             PUSH     {R4,LR}
     63            u32 index = 0x00;
     64            
     65            SCB->ICSR = 0x0A000000;
   \        0x2   0x....             LDR.N    R1,??DataTable22_3  ;; 0xe000ed04
     66            SCB->VTOR = 0x00000000;
     67            SCB->AIRCR = AIRCR_VECTKEY_MASK;
   \        0x4   0x....             LDR.N    R4,??DataTable22_4  ;; 0x5fa0000
     68            SCB->SCR = 0x00000000;
     69            SCB->CCR = 0x00000000;
   \        0x6   0x....             LDR.N    R3,??DataTable22_5  ;; 0xe000ed18
   \        0x8   0xF04F 0x6220      MOV      R2,#+167772160
   \        0xC   0x2000             MOVS     R0,#+0
   \        0xE   0x600A             STR      R2,[R1, #+0]
   \       0x10   0x6048             STR      R0,[R1, #+4]
   \       0x12   0x608C             STR      R4,[R1, #+8]
   \       0x14   0x2200             MOVS     R2,#+0
   \       0x16   0x60CA             STR      R2,[R1, #+12]
   \       0x18   0x6108             STR      R0,[R1, #+16]
     70            for(index = 0; index < 0x03; index++)
     71            {
     72               SCB->SHPR[index] = 0;
   \                     ??NVIC_SCBDeInit_0: (+1)
   \       0x1A   0xF843 0x2020      STR      R2,[R3, R0, LSL #+2]
     73            }
   \       0x1E   0x1C40             ADDS     R0,R0,#+1
   \       0x20   0x2803             CMP      R0,#+3
   \       0x22   0xD3FA             BCC.N    ??NVIC_SCBDeInit_0
     74            SCB->SHCSR = 0x00000000;
   \       0x24   0x620A             STR      R2,[R1, #+32]
     75            SCB->CFSR = 0xFFFFFFFF;
   \       0x26   0xF04F 0x30FF      MOV      R0,#-1
   \       0x2A   0x6248             STR      R0,[R1, #+36]
     76            SCB->HFSR = 0xFFFFFFFF;
   \       0x2C   0x6288             STR      R0,[R1, #+40]
     77            SCB->DFSR = 0xFFFFFFFF;
   \       0x2E   0x62C8             STR      R0,[R1, #+44]
     78          }
   \       0x30   0xBD10             POP      {R4,PC}          ;; return
     79          
     80          /*******************************************************************************
     81          * Function Name  : NVIC_PriorityGroupConfig
     82          * Description    : Configures the priority grouping: pre-emption priority
     83          *                  and subpriority.
     84          * Input          : - NVIC_PriorityGroup: specifies the priority grouping bits
     85          *                    length. This parameter can be one of the following values:
     86          *                       - NVIC_PriorityGroup_0: 0 bits for pre-emption priority
     87          *                         4 bits for subpriority
     88          *                       - NVIC_PriorityGroup_1: 1 bits for pre-emption priority
     89          *                         3 bits for subpriority
     90          *                       - NVIC_PriorityGroup_2: 2 bits for pre-emption priority
     91          *                         2 bits for subpriority
     92          *                       - NVIC_PriorityGroup_3: 3 bits for pre-emption priority
     93          *                         1 bits for subpriority
     94          *                       - NVIC_PriorityGroup_4: 4 bits for pre-emption priority
     95          *                         0 bits for subpriority
     96          * Output         : None
     97          * Return         : None
     98          *******************************************************************************/

   \                                 In section .text, align 2, keep-with-next
     99          void NVIC_PriorityGroupConfig(u32 NVIC_PriorityGroup)
    100          {
    101            /* Check the parameters */
    102            assert_param(IS_NVIC_PRIORITY_GROUP(NVIC_PriorityGroup));
    103            
    104            /* Set the PRIGROUP[10:8] bits according to NVIC_PriorityGroup value */
    105            SCB->AIRCR = AIRCR_VECTKEY_MASK | NVIC_PriorityGroup;
   \                     NVIC_PriorityGroupConfig: (+1)
   \        0x0   0x....             LDR.N    R1,??DataTable22_4  ;; 0x5fa0000
   \        0x2   0x....             LDR.N    R2,??DataTable22_6  ;; 0xe000ed0c
   \        0x4   0x4308             ORRS     R0,R1,R0
   \        0x6   0x6010             STR      R0,[R2, #+0]
    106          }
   \        0x8   0x4770             BX       LR               ;; return
    107          
    108          /*******************************************************************************
    109          * Function Name  : NVIC_Init
    110          * Description    : Initializes the NVIC peripheral according to the specified
    111          *                  parameters in the NVIC_InitStruct.
    112          * Input          : - NVIC_InitStruct: pointer to a NVIC_InitTypeDef structure
    113          *                    that contains the configuration information for the
    114          *                    specified NVIC peripheral.
    115          * Output         : None
    116          * Return         : None
    117          *******************************************************************************/

   \                                 In section .text, align 2, keep-with-next
    118          void NVIC_Init(NVIC_InitTypeDef* NVIC_InitStruct)
    119          {
   \                     NVIC_Init: (+1)
   \        0x0   0xE92D 0x43F0      PUSH     {R4-R9,LR}
    120            u32 tmppriority = 0x00, tmpreg = 0x00, tmpmask = 0x00;
    121            u32 tmppre = 0, tmpsub = 0x0F;
    122          
    123            /* Check the parameters */
    124            assert_param(IS_FUNCTIONAL_STATE(NVIC_InitStruct->NVIC_IRQChannelCmd));
    125            assert_param(IS_NVIC_IRQ_CHANNEL(NVIC_InitStruct->NVIC_IRQChannel));
    126            assert_param(IS_NVIC_PREEMPTION_PRIORITY(NVIC_InitStruct->NVIC_IRQChannelPreemptionPriority));  
    127            assert_param(IS_NVIC_SUB_PRIORITY(NVIC_InitStruct->NVIC_IRQChannelSubPriority));
    128              
    129            if (NVIC_InitStruct->NVIC_IRQChannelCmd != DISABLE)
   \        0x4   0x7804             LDRB     R4,[R0, #+0]
   \        0x6   0x78C1             LDRB     R1,[R0, #+3]
   \        0x8   0x4623             MOV      R3,R4
   \        0xA   0x2201             MOVS     R2,#+1
   \        0xC   0xB381             CBZ.N    R1,??NVIC_Init_0
    130            {
    131              /* Compute the Corresponding IRQ Priority --------------------------------*/    
    132              tmppriority = (0x700 - (SCB->AIRCR & (u32)0x700))>> 0x08;
   \        0xE   0x....             LDR.N    R1,??DataTable22_6  ;; 0xe000ed0c
    133              tmppre = (0x4 - tmppriority);
    134              tmpsub = tmpsub >> tmppriority;
    135              
    136              tmppriority = (u32)NVIC_InitStruct->NVIC_IRQChannelPreemptionPriority << tmppre;
    137              tmppriority |=  NVIC_InitStruct->NVIC_IRQChannelSubPriority & tmpsub;
    138          
    139              tmppriority = tmppriority << 0x04;
    140              tmppriority = ((u32)tmppriority) << ((NVIC_InitStruct->NVIC_IRQChannel & (u8)0x03) * 0x08);
    141              
    142              tmpreg = NVIC->IPR[(NVIC_InitStruct->NVIC_IRQChannel >> 0x02)];
   \       0x10   0x....'....        LDR.W    R8,??DataTable22_2  ;; 0xe000e400
   \       0x14   0x680D             LDR      R5,[R1, #+0]
   \       0x16   0xF023 0x0303      BIC      R3,R3,#0x3
    143              tmpmask = (u32)0xFF << ((NVIC_InitStruct->NVIC_IRQChannel & (u8)0x03) * 0x08);
   \       0x1A   0x00E4             LSLS     R4,R4,#+3
   \       0x1C   0xF405 0x65E0      AND      R5,R5,#0x700
   \       0x20   0xF858 0x1003      LDR      R1,[R8, R3]
   \       0x24   0xF004 0x0418      AND      R4,R4,#0x18
   \       0x28   0x26FF             MOVS     R6,#+255
   \       0x2A   0xF5C5 0x65E0      RSB      R5,R5,#+1792
   \       0x2E   0xFA06 0xFC04      LSL      R12,R6,R4
   \       0x32   0x0A2D             LSRS     R5,R5,#+8
    144              tmpreg &= ~tmpmask;
    145              tmppriority &= tmpmask;  
    146              tmpreg |= tmppriority;
    147          
    148              NVIC->IPR[(NVIC_InitStruct->NVIC_IRQChannel >> 0x02)] = tmpreg;
   \       0x34   0xEA21 0x090C      BIC      R9,R1,R12
   \       0x38   0x7846             LDRB     R6,[R0, #+1]
   \       0x3A   0xF1C5 0x0104      RSB      R1,R5,#+4
   \       0x3E   0xFA06 0xF101      LSL      R1,R6,R1
   \       0x42   0x7886             LDRB     R6,[R0, #+2]
   \       0x44   0x270F             MOVS     R7,#+15
   \       0x46   0x40EF             LSRS     R7,R7,R5
   \       0x48   0x403E             ANDS     R6,R7,R6
   \       0x4A   0x4331             ORRS     R1,R6,R1
   \       0x4C   0x0109             LSLS     R1,R1,#+4
   \       0x4E   0xFA01 0xF404      LSL      R4,R1,R4
   \       0x52   0xEA0C 0x0404      AND      R4,R12,R4
   \       0x56   0xEA44 0x0409      ORR      R4,R4,R9
   \       0x5A   0xF848 0x4003      STR      R4,[R8, R3]
    149              
    150              /* Enable the Selected IRQ Channels --------------------------------------*/
    151              NVIC->ISER[(NVIC_InitStruct->NVIC_IRQChannel >> 0x05)] =
    152                (u32)0x01 << (NVIC_InitStruct->NVIC_IRQChannel & (u8)0x1F);
   \       0x5E   0x7801             LDRB     R1,[R0, #+0]
   \       0x60   0x....             LDR.N    R3,??DataTable22_7  ;; 0xe000e100
   \       0x62   0xF001 0x001F      AND      R0,R1,#0x1F
   \       0x66   0x4082             LSLS     R2,R2,R0
   \       0x68   0x0949             LSRS     R1,R1,#+5
   \       0x6A   0xF843 0x2021      STR      R2,[R3, R1, LSL #+2]
   \       0x6E   0xE007             B.N      ??NVIC_Init_1
    153            }
    154            else
    155            {
    156              /* Disable the Selected IRQ Channels -------------------------------------*/
    157              NVIC->ICER[(NVIC_InitStruct->NVIC_IRQChannel >> 0x05)] =
    158                (u32)0x01 << (NVIC_InitStruct->NVIC_IRQChannel & (u8)0x1F);
   \                     ??NVIC_Init_0: (+1)
   \       0x70   0xF004 0x041F      AND      R4,R4,#0x1F
   \       0x74   0x....             LDR.N    R0,??DataTable22  ;; 0xe000e180
   \       0x76   0xFA02 0xF404      LSL      R4,R2,R4
   \       0x7A   0x095B             LSRS     R3,R3,#+5
   \       0x7C   0xF840 0x4023      STR      R4,[R0, R3, LSL #+2]
    159            }
    160          }
   \                     ??NVIC_Init_1: (+1)
   \       0x80   0xE8BD 0x83F0      POP      {R4-R9,PC}       ;; return
    161          
    162          /*******************************************************************************
    163          * Function Name  : NVIC_StructInit
    164          * Description    : Fills each NVIC_InitStruct member with its default value.
    165          * Input          : - NVIC_InitStruct: pointer to a NVIC_InitTypeDef structure which
    166          *                    will be initialized.
    167          * Output         : None
    168          * Return         : None
    169          *******************************************************************************/

   \                                 In section .text, align 2, keep-with-next
    170          void NVIC_StructInit(NVIC_InitTypeDef* NVIC_InitStruct)
    171          {
    172            /* NVIC_InitStruct members default value */
    173            NVIC_InitStruct->NVIC_IRQChannel = 0x00;
   \                     NVIC_StructInit: (+1)
   \        0x0   0x2100             MOVS     R1,#+0
   \        0x2   0x7001             STRB     R1,[R0, #+0]
    174            NVIC_InitStruct->NVIC_IRQChannelPreemptionPriority = 0x00;
   \        0x4   0x7041             STRB     R1,[R0, #+1]
    175            NVIC_InitStruct->NVIC_IRQChannelSubPriority = 0x00;
   \        0x6   0x7081             STRB     R1,[R0, #+2]
    176            NVIC_InitStruct->NVIC_IRQChannelCmd = DISABLE;
   \        0x8   0x70C1             STRB     R1,[R0, #+3]
    177          }
   \        0xA   0x4770             BX       LR               ;; return
    178          
    179          /*******************************************************************************
    180          * Function Name  : NVIC_SETPRIMASK
    181          * Description    : Enables the PRIMASK priority: Raises the execution priority to 0.
    182          * Input          : None
    183          * Output         : None
    184          * Return         : None
    185          *******************************************************************************/

   \                                 In section .text, align 2, keep-with-next
    186          void NVIC_SETPRIMASK(void)
    187          {
    188            __SETPRIMASK();
   \                     NVIC_SETPRIMASK: (+1)
   \        0x0   0x....'....        B.W      __SETPRIMASK
    189          }
    190          
    191          /*******************************************************************************
    192          * Function Name  : NVIC_RESETPRIMASK
    193          * Description    : Disables the PRIMASK priority.
    194          * Input          : None
    195          * Output         : None
    196          * Return         : None
    197          *******************************************************************************/

   \                                 In section .text, align 2, keep-with-next
    198          void NVIC_RESETPRIMASK(void)
    199          {
    200            __RESETPRIMASK();
   \                     NVIC_RESETPRIMASK: (+1)
   \        0x0   0x....'....        B.W      __RESETPRIMASK
    201          }
    202          
    203          /*******************************************************************************
    204          * Function Name  : NVIC_SETFAULTMASK
    205          * Description    : Enables the FAULTMASK priority: Raises the execution priority to -1.
    206          * Input          : None
    207          * Output         : None
    208          * Return         : None
    209          *******************************************************************************/

   \                                 In section .text, align 2, keep-with-next
    210          void NVIC_SETFAULTMASK(void)
    211          {
    212            __SETFAULTMASK();
   \                     NVIC_SETFAULTMASK: (+1)
   \        0x0   0x....'....        B.W      __SETFAULTMASK
    213          }
    214          
    215          /*******************************************************************************
    216          * Function Name  : NVIC_RESETFAULTMASK
    217          * Description    : Disables the FAULTMASK priority.
    218          * Input          : None
    219          * Output         : None
    220          * Return         : None
    221          *******************************************************************************/

   \                                 In section .text, align 2, keep-with-next
    222          void NVIC_RESETFAULTMASK(void)
    223          {
    224            __RESETFAULTMASK();
   \                     NVIC_RESETFAULTMASK: (+1)
   \        0x0   0x....'....        B.W      __RESETFAULTMASK
    225          }
    226          
    227          /*******************************************************************************
    228          * Function Name  : NVIC_BASEPRICONFIG
    229          * Description    : The execution priority can be changed from 15 (lowest 
    230                             configurable priority) to 1. Writing a zero  value will disable 
    231          *                  the mask of execution priority.
    232          * Input          : None
    233          * Output         : None
    234          * Return         : None
    235          *******************************************************************************/

   \                                 In section .text, align 2, keep-with-next
    236          void NVIC_BASEPRICONFIG(u32 NewPriority)
    237          {
    238            /* Check the parameters */
    239            assert_param(IS_NVIC_BASE_PRI(NewPriority));
    240            
    241            __BASEPRICONFIG(NewPriority << 0x04);
   \                     NVIC_BASEPRICONFIG: (+1)
   \        0x0   0x0100             LSLS     R0,R0,#+4
   \        0x2   0x....'....        B.W      __BASEPRICONFIG
    242          }
    243          
    244          /*******************************************************************************
    245          * Function Name  : NVIC_GetBASEPRI
    246          * Description    : Returns the BASEPRI mask value.
    247          * Input          : None
    248          * Output         : None
    249          * Return         : BASEPRI register value
    250          *******************************************************************************/

   \                                 In section .text, align 2, keep-with-next
    251          u32 NVIC_GetBASEPRI(void)
    252          {
    253            return (__GetBASEPRI());
   \                     NVIC_GetBASEPRI: (+1)
   \        0x0   0x....'....        B.W      __GetBASEPRI
    254          }
    255          
    256          /*******************************************************************************
    257          * Function Name  : NVIC_GetCurrentPendingIRQChannel
    258          * Description    : Returns the current pending IRQ channel identifier.
    259          * Input          : None
    260          * Output         : None
    261          * Return         : Pending IRQ Channel Identifier.
    262          *******************************************************************************/

   \                                 In section .text, align 2, keep-with-next
    263          u16 NVIC_GetCurrentPendingIRQChannel(void)
    264          {
    265            return ((u16)((SCB->ICSR & (u32)0x003FF000) >> 0x0C));
   \                     NVIC_GetCurrentPendingIRQChannel: (+1)
   \        0x0   0x....             LDR.N    R0,??DataTable22_3  ;; 0xe000ed04
   \        0x2   0x6800             LDR      R0,[R0, #+0]
   \        0x4   0x0280             LSLS     R0,R0,#+10
   \        0x6   0x0D80             LSRS     R0,R0,#+22
   \        0x8   0x4770             BX       LR               ;; return
    266          }
    267          
    268          /*******************************************************************************
    269          * Function Name  : NVIC_GetIRQChannelPendingBitStatus
    270          * Description    : Checks whether the specified IRQ Channel pending bit is set
    271          *                  or not.
    272          * Input          : - NVIC_IRQChannel: specifies the interrupt pending bit to check.
    273          * Output         : None
    274          * Return         : The new state of IRQ Channel pending bit(SET or RESET).
    275          *******************************************************************************/

   \                                 In section .text, align 2, keep-with-next
    276          ITStatus NVIC_GetIRQChannelPendingBitStatus(u8 NVIC_IRQChannel)
    277          {
   \                     NVIC_GetIRQChannelPendingBitStatus: (+1)
   \        0x0   0xB510             PUSH     {R4,LR}
    278            ITStatus pendingirqstatus = RESET;
    279            u32 tmp = 0x00;
    280            
    281            /* Check the parameters */
    282            assert_param(IS_NVIC_IRQ_CHANNEL(NVIC_IRQChannel));
    283            
    284            tmp = ((u32)0x01 << (NVIC_IRQChannel & (u32)0x1F));
    285          
    286            if (((NVIC->ISPR[(NVIC_IRQChannel >> 0x05)]) & tmp) == tmp)
   \        0x2   0x....             LDR.N    R4,??DataTable22_8  ;; 0xe000e200
   \        0x4   0x....'....        BL       ?Subroutine0
   \                     ??CrossCallReturnLabel_0: (+1)
   \        0x8   0xBF08             IT       EQ 
   \        0xA   0x2001             MOVEQ    R0,#+1
    287            {
    288              pendingirqstatus = SET;
    289            }
    290            else
    291            {
    292              pendingirqstatus = RESET;
    293            }
    294            return pendingirqstatus;
   \        0xC   0xBD10             POP      {R4,PC}          ;; return
    295          }

   \                                 In section .text, align 2, keep-with-next
   \                     ?Subroutine0: (+1)
   \        0x0   0x2301             MOVS     R3,#+1
   \        0x2   0x4601             MOV      R1,R0
   \        0x4   0xF001 0x021F      AND      R2,R1,#0x1F
   \        0x8   0x0949             LSRS     R1,R1,#+5
   \        0xA   0xF854 0x1021      LDR      R1,[R4, R1, LSL #+2]
   \        0xE   0xFA03 0xF202      LSL      R2,R3,R2
   \       0x12   0x2000             MOVS     R0,#+0
   \       0x14   0x4011             ANDS     R1,R2,R1
   \       0x16   0x4291             CMP      R1,R2
   \       0x18   0x4770             BX       LR
    296          
    297          /*******************************************************************************
    298          * Function Name  : NVIC_SetIRQChannelPendingBit
    299          * Description    : Sets the NVIC’s interrupt pending bit.
    300          * Input          : - NVIC_IRQChannel: specifies the interrupt pending bit to Set.
    301          * Output         : None
    302          * Return         : None
    303          *******************************************************************************/

   \                                 In section .text, align 2, keep-with-next
    304          void NVIC_SetIRQChannelPendingBit(u8 NVIC_IRQChannel)
    305          {
    306            /* Check the parameters */
    307            assert_param(IS_NVIC_IRQ_CHANNEL(NVIC_IRQChannel));
    308            
    309            *(vu32*) 0xE000EF00 = (u32)NVIC_IRQChannel;
   \                     NVIC_SetIRQChannelPendingBit: (+1)
   \        0x0   0x....             LDR.N    R1,??DataTable22_9  ;; 0xe000ef00
   \        0x2   0x6008             STR      R0,[R1, #+0]
    310          }
   \        0x4   0x4770             BX       LR               ;; return
    311          
    312          /*******************************************************************************
    313          * Function Name  : NVIC_ClearIRQChannelPendingBit
    314          * Description    : Clears the NVIC’s interrupt pending bit.
    315          * Input          : - NVIC_IRQChannel: specifies the interrupt pending bit to clear.
    316          * Output         : None
    317          * Return         : None
    318          *******************************************************************************/

   \                                 In section .text, align 2, keep-with-next
    319          void NVIC_ClearIRQChannelPendingBit(u8 NVIC_IRQChannel)
    320          {
    321            /* Check the parameters */
    322            assert_param(IS_NVIC_IRQ_CHANNEL(NVIC_IRQChannel));
    323            
    324            NVIC->ICPR[(NVIC_IRQChannel >> 0x05)] = (u32)0x01 << (NVIC_IRQChannel & (u32)0x1F);
   \                     NVIC_ClearIRQChannelPendingBit: (+1)
   \        0x0   0x2201             MOVS     R2,#+1
   \        0x2   0xF000 0x011F      AND      R1,R0,#0x1F
   \        0x6   0x....             LDR.N    R3,??DataTable22_1  ;; 0xe000e280
   \        0x8   0x408A             LSLS     R2,R2,R1
   \        0xA   0x0940             LSRS     R0,R0,#+5
   \        0xC   0xF843 0x2020      STR      R2,[R3, R0, LSL #+2]
    325          }
   \       0x10   0x4770             BX       LR               ;; return
    326          
    327          /*******************************************************************************
    328          * Function Name  : NVIC_GetCurrentActiveHandler
    329          * Description    : Returns the current active Handler (IRQ Channel and
    330          *                  SystemHandler) identifier.
    331          * Input          : None
    332          * Output         : None
    333          * Return         : Active Handler Identifier.
    334          *******************************************************************************/

   \                                 In section .text, align 2, keep-with-next
    335          u16 NVIC_GetCurrentActiveHandler(void)
    336          {
    337            return ((u16)(SCB->ICSR & (u32)0x3FF));
   \                     NVIC_GetCurrentActiveHandler: (+1)
   \        0x0   0x....             LDR.N    R0,??DataTable22_3  ;; 0xe000ed04
   \        0x2   0x6800             LDR      R0,[R0, #+0]
   \        0x4   0xF3C0 0x0009      UBFX     R0,R0,#+0,#+10
   \        0x8   0x4770             BX       LR               ;; return
    338          }
    339          
    340          /*******************************************************************************
    341          * Function Name  : NVIC_GetIRQChannelActiveBitStatus
    342          * Description    : Checks whether the specified IRQ Channel active bit is set
    343          *                  or not.
    344          * Input          : - NVIC_IRQChannel: specifies the interrupt active bit to check.
    345          * Output         : None
    346          * Return         : The new state of IRQ Channel active bit(SET or RESET).
    347          *******************************************************************************/

   \                                 In section .text, align 2, keep-with-next
    348          ITStatus NVIC_GetIRQChannelActiveBitStatus(u8 NVIC_IRQChannel)
    349          {
   \                     NVIC_GetIRQChannelActiveBitStatus: (+1)
   \        0x0   0xB510             PUSH     {R4,LR}
    350            ITStatus activeirqstatus = RESET;
    351            u32 tmp = 0x00;
    352          
    353            /* Check the parameters */
    354            assert_param(IS_NVIC_IRQ_CHANNEL(NVIC_IRQChannel));
    355            
    356            tmp = ((u32)0x01 << (NVIC_IRQChannel & (u32)0x1F));
    357          
    358            if (((NVIC->IABR[(NVIC_IRQChannel >> 0x05)]) & tmp) == tmp )
   \        0x2   0x....             LDR.N    R4,??DataTable22_10  ;; 0xe000e300
   \        0x4   0x....'....        BL       ?Subroutine0
   \                     ??CrossCallReturnLabel_1: (+1)
   \        0x8   0xBF08             IT       EQ 
   \        0xA   0x2001             MOVEQ    R0,#+1
    359            {
    360              activeirqstatus = SET;
    361            }
    362            else
    363            {
    364              activeirqstatus = RESET;
    365            }
    366            return activeirqstatus;
   \        0xC   0xBD10             POP      {R4,PC}          ;; return
    367          }
    368          
    369          /*******************************************************************************
    370          * Function Name  : NVIC_GetCPUID
    371          * Description    : Returns the ID number, the version number and the implementation
    372          *                  details of the Cortex-M3 core.
    373          * Input          : None
    374          * Output         : None
    375          * Return         : CPU ID.
    376          *******************************************************************************/

   \                                 In section .text, align 2, keep-with-next
    377          u32 NVIC_GetCPUID(void)
    378          {
    379            return (SCB->CPUID);
   \                     NVIC_GetCPUID: (+1)
   \        0x0   0x....             LDR.N    R0,??DataTable22_11  ;; 0xe000ed00
   \        0x2   0x6800             LDR      R0,[R0, #+0]
   \        0x4   0x4770             BX       LR               ;; return
    380          }
    381          
    382          /*******************************************************************************
    383          * Function Name  : NVIC_SetVectorTable
    384          * Description    : Sets the vector table location and Offset.
    385          * Input          : - NVIC_VectTab: specifies if the vector table is in RAM or
    386          *                    FLASH memory.
    387          *                    This parameter can be one of the following values:
    388          *                       - NVIC_VectTab_RAM
    389          *                       - NVIC_VectTab_FLASH
    390          *                  - Offset: Vector Table base offset field. 
    391          *                            This value must be a multiple of 0x100.
    392          * Output         : None
    393          * Return         : None
    394          *******************************************************************************/

   \                                 In section .text, align 2, keep-with-next
    395          void NVIC_SetVectorTable(u32 NVIC_VectTab, u32 Offset)
    396          { 
    397            /* Check the parameters */
    398            assert_param(IS_NVIC_VECTTAB(NVIC_VectTab));
    399            assert_param(IS_NVIC_OFFSET(Offset));  
    400             
    401            SCB->VTOR = NVIC_VectTab | (Offset & (u32)0x1FFFFF80);
   \                     NVIC_SetVectorTable: (+1)
   \        0x0   0x....             LDR.N    R2,??DataTable22_12  ;; 0x1fffff80
   \        0x2   0x4011             ANDS     R1,R2,R1
   \        0x4   0x4308             ORRS     R0,R1,R0
   \        0x6   0x....             LDR.N    R1,??DataTable22_13  ;; 0xe000ed08
   \        0x8   0x6008             STR      R0,[R1, #+0]
    402          }
   \        0xA   0x4770             BX       LR               ;; return
    403          
    404          /*******************************************************************************
    405          * Function Name  : NVIC_GenerateSystemReset
    406          * Description    : Generates a system reset.
    407          * Input          : None
    408          * Output         : None
    409          * Return         : None
    410          *******************************************************************************/

   \                                 In section .text, align 2, keep-with-next
    411          void NVIC_GenerateSystemReset(void)
    412          {
    413            SCB->AIRCR = AIRCR_VECTKEY_MASK | (u32)0x04;
   \                     NVIC_GenerateSystemReset: (+1)
   \        0x0   0x....             LDR.N    R1,??DataTable22_6  ;; 0xe000ed0c
   \        0x2   0x....             LDR.N    R0,??DataTable22_14  ;; 0x5fa0004
   \        0x4   0x6008             STR      R0,[R1, #+0]
    414          }
   \        0x6   0x4770             BX       LR               ;; return
    415          
    416          /*******************************************************************************
    417          * Function Name  : NVIC_GenerateCoreReset
    418          * Description    : Generates a Core (Core + NVIC) reset.
    419          * Input          : None
    420          * Output         : None
    421          * Return         : None
    422          *******************************************************************************/

   \                                 In section .text, align 2, keep-with-next
    423          void NVIC_GenerateCoreReset(void)
    424          {
    425            SCB->AIRCR = AIRCR_VECTKEY_MASK | (u32)0x01;
   \                     NVIC_GenerateCoreReset: (+1)
   \        0x0   0x....             LDR.N    R1,??DataTable22_6  ;; 0xe000ed0c
   \        0x2   0x....             LDR.N    R0,??DataTable22_15  ;; 0x5fa0001
   \        0x4   0x6008             STR      R0,[R1, #+0]
    426          }
   \        0x6   0x4770             BX       LR               ;; return
    427          
    428          /*******************************************************************************
    429          * Function Name  : NVIC_SystemLPConfig
    430          * Description    : Selects the condition for the system to enter low power mode.
    431          * Input          : - LowPowerMode: Specifies the new mode for the system to enter
    432          *                    low power mode.
    433          *                    This parameter can be one of the following values:
    434          *                       - NVIC_LP_SEVONPEND
    435          *                       - NVIC_LP_SLEEPDEEP
    436          *                       - NVIC_LP_SLEEPONEXIT
    437          *                  - NewState: new state of LP condition.
    438          *                    This parameter can be: ENABLE or DISABLE.
    439          * Output         : None
    440          * Return         : None
    441          *******************************************************************************/

   \                                 In section .text, align 2, keep-with-next
    442          void NVIC_SystemLPConfig(u8 LowPowerMode, FunctionalState NewState)
    443          {
    444            /* Check the parameters */
    445            assert_param(IS_NVIC_LP(LowPowerMode));
    446            assert_param(IS_FUNCTIONAL_STATE(NewState));  
    447            
    448            if (NewState != DISABLE)
   \                     NVIC_SystemLPConfig: (+1)
   \        0x0   0x....             LDR.N    R2,??DataTable22_16  ;; 0xe000ed10
   \        0x2   0x2900             CMP      R1,#+0
   \        0x4   0xBF19             ITTEE    NE 
   \        0x6   0x6811             LDRNE    R1,[R2, #+0]
   \        0x8   0x4308             ORRNE    R0,R0,R1
   \        0xA   0x6813             LDREQ    R3,[R2, #+0]
   \        0xC   0xEA23 0x0000      BICEQ    R0,R3,R0
    449            {
    450              SCB->SCR |= LowPowerMode;
    451            }
    452            else
    453            {
    454              SCB->SCR &= (u32)(~(u32)LowPowerMode);
   \       0x10   0x6010             STR      R0,[R2, #+0]
    455            }
    456          }
   \       0x12   0x4770             BX       LR               ;; return
    457          
    458          /*******************************************************************************
    459          * Function Name  : NVIC_SystemHandlerConfig
    460          * Description    : Enables or disables the specified System Handlers.
    461          * Input          : - SystemHandler: specifies the system handler to be enabled
    462          *                    or disabled.
    463          *                    This parameter can be one of the following values:
    464          *                       - SystemHandler_MemoryManage
    465          *                       - SystemHandler_BusFault
    466          *                       - SystemHandler_UsageFault
    467          *                  - NewState: new state of  specified System Handlers.
    468          *                    This parameter can be: ENABLE or DISABLE.
    469          * Output         : None
    470          * Return         : None
    471          *******************************************************************************/

   \                                 In section .text, align 2, keep-with-next
    472          void NVIC_SystemHandlerConfig(u32 SystemHandler, FunctionalState NewState)
    473          {
    474            u32 tmpreg = 0x00;
    475          
    476            /* Check the parameters */
    477            assert_param(IS_CONFIG_SYSTEM_HANDLER(SystemHandler));
    478            assert_param(IS_FUNCTIONAL_STATE(NewState)); 
    479            
    480            tmpreg =  (u32)0x01 << (SystemHandler & (u32)0x1F);
   \                     NVIC_SystemHandlerConfig: (+1)
   \        0x0   0x2201             MOVS     R2,#+1
   \        0x2   0xF000 0x001F      AND      R0,R0,#0x1F
   \        0x6   0xFA02 0xF000      LSL      R0,R2,R0
    481          
    482            if (NewState != DISABLE)
   \        0xA   0x....             LDR.N    R2,??DataTable22_17  ;; 0xe000ed24
   \        0xC   0x2900             CMP      R1,#+0
   \        0xE   0xBF19             ITTEE    NE 
   \       0x10   0x6811             LDRNE    R1,[R2, #+0]
   \       0x12   0x4308             ORRNE    R0,R0,R1
   \       0x14   0x6813             LDREQ    R3,[R2, #+0]
   \       0x16   0xEA23 0x0000      BICEQ    R0,R3,R0
    483            {
    484              SCB->SHCSR |= tmpreg;
    485            }
    486            else
    487            {
    488              SCB->SHCSR &= ~tmpreg;
   \       0x1A   0x6010             STR      R0,[R2, #+0]
    489            }
    490          }
   \       0x1C   0x4770             BX       LR               ;; return
    491          
    492          /*******************************************************************************
    493          * Function Name  : NVIC_SystemHandlerPriorityConfig
    494          * Description    : Configures the specified System Handlers priority.
    495          * Input          : - SystemHandler: specifies the system handler to be
    496          *                    enabled or disabled.
    497          *                    This parameter can be one of the following values:
    498          *                       - SystemHandler_MemoryManage
    499          *                       - SystemHandler_BusFault
    500          *                       - SystemHandler_UsageFault
    501          *                       - SystemHandler_SVCall
    502          *                       - SystemHandler_DebugMonitor
    503          *                       - SystemHandler_PSV
    504          *                       - SystemHandler_SysTick
    505          *                  - SystemHandlerPreemptionPriority: new priority group of the
    506          *                    specified system handlers.
    507          *                  - SystemHandlerSubPriority: new sub priority of the specified
    508          *                    system handlers.
    509          * Output         : None
    510          * Return         : None
    511          *******************************************************************************/

   \                                 In section .text, align 2, keep-with-next
    512          void NVIC_SystemHandlerPriorityConfig(u32 SystemHandler, u8 SystemHandlerPreemptionPriority,
    513                                                u8 SystemHandlerSubPriority)
    514          {
   \                     NVIC_SystemHandlerPriorityConfig: (+1)
   \        0x0   0xB5F0             PUSH     {R4-R7,LR}
    515            u32 tmp1 = 0x00, tmp2 = 0xFF, handlermask = 0x00;
    516            u32 tmppriority = 0x00;
    517          
    518            /* Check the parameters */
    519            assert_param(IS_PRIORITY_SYSTEM_HANDLER(SystemHandler));
    520            assert_param(IS_NVIC_PREEMPTION_PRIORITY(SystemHandlerPreemptionPriority));  
    521            assert_param(IS_NVIC_SUB_PRIORITY(SystemHandlerSubPriority));
    522              
    523            tmppriority = (0x700 - (SCB->AIRCR & (u32)0x700))>> 0x08;
   \        0x2   0x....             LDR.N    R3,??DataTable22_6  ;; 0xe000ed0c
    524            tmp1 = (0x4 - tmppriority);
    525            tmp2 = tmp2 >> tmppriority;
    526              
    527            tmppriority = (u32)SystemHandlerPreemptionPriority << tmp1;
    528            tmppriority |=  SystemHandlerSubPriority & tmp2;
    529          
    530            tmppriority = tmppriority << 0x04;
    531            tmp1 = SystemHandler & (u32)0xC0;
    532            tmp1 = tmp1 >> 0x06; 
    533            tmp2 = (SystemHandler >> 0x08) & (u32)0x03;
    534            tmppriority = tmppriority << (tmp2 * 0x08);
    535            handlermask = (u32)0xFF << (tmp2 * 0x08);
    536            
    537            SCB->SHPR[tmp1] &= ~handlermask;
   \        0x4   0x....             LDR.N    R7,??DataTable22_5  ;; 0xe000ed18
   \        0x6   0x681B             LDR      R3,[R3, #+0]
   \        0x8   0xF3C0 0x1481      UBFX     R4,R0,#+6,#+2
   \        0xC   0xF403 0x63E0      AND      R3,R3,#0x700
   \       0x10   0xF3C0 0x2001      UBFX     R0,R0,#+8,#+2
   \       0x14   0xF5C3 0x63E0      RSB      R3,R3,#+1792
   \       0x18   0x00C5             LSLS     R5,R0,#+3
   \       0x1A   0x26FF             MOVS     R6,#+255
   \       0x1C   0xF857 0xC024      LDR      R12,[R7, R4, LSL #+2]
   \       0x20   0x0A1B             LSRS     R3,R3,#+8
   \       0x22   0xFA06 0xF005      LSL      R0,R6,R5
   \       0x26   0xEA2C 0x0000      BIC      R0,R12,R0
    538            SCB->SHPR[tmp1] |= tmppriority;
   \       0x2A   0x40DE             LSRS     R6,R6,R3
   \       0x2C   0xF847 0x0024      STR      R0,[R7, R4, LSL #+2]
   \       0x30   0x4032             ANDS     R2,R6,R2
   \       0x32   0xF1C3 0x0004      RSB      R0,R3,#+4
   \       0x36   0x4081             LSLS     R1,R1,R0
   \       0x38   0x4311             ORRS     R1,R2,R1
   \       0x3A   0xF857 0xE024      LDR      LR,[R7, R4, LSL #+2]
   \       0x3E   0x0109             LSLS     R1,R1,#+4
   \       0x40   0x40A9             LSLS     R1,R1,R5
   \       0x42   0xEA41 0x010E      ORR      R1,R1,LR
   \       0x46   0xF847 0x1024      STR      R1,[R7, R4, LSL #+2]
    539          }
   \       0x4A   0xBDF0             POP      {R4-R7,PC}       ;; return
    540          
    541          /*******************************************************************************
    542          * Function Name  : NVIC_GetSystemHandlerPendingBitStatus
    543          * Description    : Checks whether the specified System handlers pending bit is
    544          *                  set or not.
    545          * Input          : - SystemHandler: specifies the system handler pending bit to
    546          *                    check.
    547          *                    This parameter can be one of the following values:
    548          *                       - SystemHandler_MemoryManage
    549          *                       - SystemHandler_BusFault
    550          *                       - SystemHandler_SVCall
    551          * Output         : None
    552          * Return         : The new state of System Handler pending bit(SET or RESET).
    553          *******************************************************************************/

   \                                 In section .text, align 2, keep-with-next
    554          ITStatus NVIC_GetSystemHandlerPendingBitStatus(u32 SystemHandler)
    555          {
    556            ITStatus bitstatus  = RESET;
    557            u32 tmp = 0x00, tmppos = 0x00;
    558          
    559            /* Check the parameters */
    560            assert_param(IS_GET_PENDING_SYSTEM_HANDLER(SystemHandler));
    561            
    562            tmppos = (SystemHandler >> 0x0A);
    563            tmppos &= (u32)0x0F;
    564          
    565            tmppos = (u32)0x01 << tmppos;
   \                     NVIC_GetSystemHandlerPendingBitStatus: (+1)
   \        0x0   0x2201             MOVS     R2,#+1
    566          
    567            tmp = SCB->SHCSR & tmppos;
   \        0x2   0x....             LDR.N    R3,??DataTable22_17  ;; 0xe000ed24
   \        0x4   0x4601             MOV      R1,R0
   \        0x6   0x0A89             LSRS     R1,R1,#+10
   \        0x8   0xF001 0x010F      AND      R1,R1,#0xF
   \        0xC   0xFA02 0xF101      LSL      R1,R2,R1
   \       0x10   0x681A             LDR      R2,[R3, #+0]
   \       0x12   0x2000             MOVS     R0,#+0
    568          
    569            if (tmp == tmppos)
   \       0x14   0x400A             ANDS     R2,R1,R2
   \       0x16   0x428A             CMP      R2,R1
   \       0x18   0xBF08             IT       EQ 
   \       0x1A   0x2001             MOVEQ    R0,#+1
    570            {
    571              bitstatus = SET;
    572            }
    573            else
    574            {
    575              bitstatus = RESET;
    576            }
    577            return bitstatus;
   \       0x1C   0x4770             BX       LR               ;; return
    578          }
    579          
    580          /*******************************************************************************
    581          * Function Name  : NVIC_SetSystemHandlerPendingBit
    582          * Description    : Sets System Handler pending bit.
    583          * Input          : - SystemHandler: specifies the system handler pending bit
    584          *                    to be set.
    585          *                    This parameter can be one of the following values:
    586          *                       - SystemHandler_NMI
    587          *                       - SystemHandler_PSV
    588          *                       - SystemHandler_SysTick
    589          * Output         : None
    590          * Return         : None
    591          *******************************************************************************/

   \                                 In section .text, align 2, keep-with-next
    592          void NVIC_SetSystemHandlerPendingBit(u32 SystemHandler)
    593          {
    594            u32 tmp = 0x00;
    595          
    596            /* Check the parameters */
    597            assert_param(IS_SET_PENDING_SYSTEM_HANDLER(SystemHandler));
    598            
    599            /* Get the System Handler pending bit position */
    600            tmp = SystemHandler & (u32)0x1F;
    601            /* Set the corresponding System Handler pending bit */
    602            SCB->ICSR |= ((u32)0x01 << tmp);
   \                     NVIC_SetSystemHandlerPendingBit: (+1)
   \        0x0   0x....             LDR.N    R1,??DataTable22_3  ;; 0xe000ed04
   \        0x2   0x2301             MOVS     R3,#+1
   \        0x4   0x680A             LDR      R2,[R1, #+0]
   \        0x6   0xF000 0x001F      AND      R0,R0,#0x1F
   \        0xA   0xFA03 0xF000      LSL      R0,R3,R0
   \        0xE   0x4310             ORRS     R0,R0,R2
   \       0x10   0x6008             STR      R0,[R1, #+0]
    603          }
   \       0x12   0x4770             BX       LR               ;; return
    604          
    605          /*******************************************************************************
    606          * Function Name  : NVIC_ClearSystemHandlerPendingBit
    607          * Description    : Clears System Handler pending bit.
    608          * Input          : - SystemHandler: specifies the system handler pending bit to
    609          *                    be clear.
    610          *                    This parameter can be one of the following values:
    611          *                       - SystemHandler_PSV
    612          *                       - SystemHandler_SysTick
    613          * Output         : None
    614          * Return         : None
    615          *******************************************************************************/

   \                                 In section .text, align 2, keep-with-next
    616          void NVIC_ClearSystemHandlerPendingBit(u32 SystemHandler)
    617          {
    618            u32 tmp = 0x00;
    619          
    620            /* Check the parameters */
    621            assert_param(IS_CLEAR_SYSTEM_HANDLER(SystemHandler));
    622            
    623            /* Get the System Handler pending bit position */
    624            tmp = SystemHandler & (u32)0x1F;
    625            /* Clear the corresponding System Handler pending bit */
    626            SCB->ICSR |= ((u32)0x01 << (tmp - 0x01));
   \                     NVIC_ClearSystemHandlerPendingBit: (+1)
   \        0x0   0x....             LDR.N    R1,??DataTable22_3  ;; 0xe000ed04
   \        0x2   0x680A             LDR      R2,[R1, #+0]
   \        0x4   0xF000 0x001F      AND      R0,R0,#0x1F
   \        0x8   0x2301             MOVS     R3,#+1
   \        0xA   0x1E40             SUBS     R0,R0,#+1
   \        0xC   0x4083             LSLS     R3,R3,R0
   \        0xE   0x431A             ORRS     R2,R3,R2
   \       0x10   0x600A             STR      R2,[R1, #+0]
    627          }
   \       0x12   0x4770             BX       LR               ;; return
    628          
    629          /*******************************************************************************
    630          * Function Name  : NVIC_GetSystemHandlerActiveBitStatus
    631          * Description    : Checks whether the specified System handlers active bit is
    632          *                  set or not.
    633          * Input          : - SystemHandler: specifies the system handler active bit to
    634          *                    check.
    635          *                    This parameter can be one of the following values:
    636          *                       - SystemHandler_MemoryManage
    637          *                       - SystemHandler_BusFault
    638          *                       - SystemHandler_UsageFault
    639          *                       - SystemHandler_SVCall
    640          *                       - SystemHandler_DebugMonitor
    641          *                       - SystemHandler_PSV
    642          *                       - SystemHandler_SysTick
    643          * Output         : None
    644          * Return         : The new state of System Handler active bit(SET or RESET).
    645          *******************************************************************************/

   \                                 In section .text, align 2, keep-with-next
    646          ITStatus NVIC_GetSystemHandlerActiveBitStatus(u32 SystemHandler)
    647          {
    648            ITStatus bitstatus  = RESET;
    649          
    650            u32 tmp = 0x00, tmppos = 0x00;
    651          
    652            /* Check the parameters */
    653            assert_param(IS_GET_ACTIVE_SYSTEM_HANDLER(SystemHandler));
    654            
    655            tmppos = (SystemHandler >> 0x0E) & (u32)0x0F;
    656          
    657            tmppos = (u32)0x01 << tmppos;
   \                     NVIC_GetSystemHandlerActiveBitStatus: (+1)
   \        0x0   0x2201             MOVS     R2,#+1
    658          
    659            tmp = SCB->SHCSR & tmppos;
   \        0x2   0x....             LDR.N    R3,??DataTable22_17  ;; 0xe000ed24
   \        0x4   0x4601             MOV      R1,R0
   \        0x6   0x0B89             LSRS     R1,R1,#+14
   \        0x8   0xF001 0x010F      AND      R1,R1,#0xF
   \        0xC   0xFA02 0xF101      LSL      R1,R2,R1
   \       0x10   0x681A             LDR      R2,[R3, #+0]
   \       0x12   0x2000             MOVS     R0,#+0
    660          
    661            if (tmp == tmppos)
   \       0x14   0x400A             ANDS     R2,R1,R2
   \       0x16   0x428A             CMP      R2,R1
   \       0x18   0xBF08             IT       EQ 
   \       0x1A   0x2001             MOVEQ    R0,#+1
    662            {
    663              bitstatus = SET;
    664            }
    665            else
    666            {
    667              bitstatus = RESET;
    668            }
    669            return bitstatus;
   \       0x1C   0x4770             BX       LR               ;; return
    670          }
    671          
    672          /*******************************************************************************
    673          * Function Name  : NVIC_GetFaultHandlerSources
    674          * Description    : Returns the system fault handlers sources.
    675          * Input          : - SystemHandler: specifies the system handler to get its fault
    676          *                    sources.
    677          *                    This parameter can be one of the following values:
    678          *                       - SystemHandler_HardFault
    679          *                       - SystemHandler_MemoryManage
    680          *                       - SystemHandler_BusFault
    681          *                       - SystemHandler_UsageFault
    682          *                       - SystemHandler_DebugMonitor
    683          * Output         : None
    684          * Return         : Source of the fault handler.
    685          *******************************************************************************/

   \                                 In section .text, align 2, keep-with-next
    686          u32 NVIC_GetFaultHandlerSources(u32 SystemHandler)
    687          {
    688            u32 faultsources = 0x00;
    689            u32 tmpreg = 0x00, tmppos = 0x00;
    690          
    691            /* Check the parameters */
    692            assert_param(IS_FAULT_SOURCE_SYSTEM_HANDLER(SystemHandler));
    693            
    694            tmpreg = (SystemHandler >> 0x12) & (u32)0x03;
   \                     NVIC_GetFaultHandlerSources: (+1)
   \        0x0   0xF3C0 0x4181      UBFX     R1,R0,#+18,#+2
    695            tmppos = (SystemHandler >> 0x14) & (u32)0x03;
   \        0x4   0xF3C0 0x5201      UBFX     R2,R0,#+20,#+2
    696          
    697            if (tmpreg == 0x00)
   \        0x8   0x....             LDR.N    R0,??DataTable22_18  ;; 0xe000ed28
   \        0xA   0xB909             CBNZ.N   R1,??NVIC_GetFaultHandlerSources_0
    698            {
    699              faultsources = SCB->HFSR;
   \        0xC   0x6840             LDR      R0,[R0, #+4]
   \        0xE   0x4770             BX       LR
    700            }
    701            else if (tmpreg == 0x01)
   \                     ??NVIC_GetFaultHandlerSources_0: (+1)
   \       0x10   0x2901             CMP      R1,#+1
   \       0x12   0xD10A             BNE.N    ??NVIC_GetFaultHandlerSources_1
    702            {
    703              faultsources = SCB->CFSR >> (tmppos * 0x08);
   \       0x14   0x6800             LDR      R0,[R0, #+0]
   \       0x16   0x00D1             LSLS     R1,R2,#+3
   \       0x18   0x40C8             LSRS     R0,R0,R1
    704              if (tmppos != 0x02)
   \       0x1A   0x2A02             CMP      R2,#+2
   \       0x1C   0xD002             BEQ.N    ??NVIC_GetFaultHandlerSources_2
    705              {
    706                faultsources &= (u32)0x0F;
   \       0x1E   0xF000 0x000F      AND      R0,R0,#0xF
   \       0x22   0x4770             BX       LR
    707              }
    708              else
    709              {
    710                faultsources &= (u32)0xFF;
   \                     ??NVIC_GetFaultHandlerSources_2: (+1)
   \       0x24   0xF000 0x00FF      AND      R0,R0,#0xFF
   \       0x28   0x4770             BX       LR
    711              }
    712            }
    713            else
    714            {
    715              faultsources = SCB->DFSR;
   \                     ??NVIC_GetFaultHandlerSources_1: (+1)
   \       0x2A   0x6880             LDR      R0,[R0, #+8]
    716            }
    717            return faultsources;
   \       0x2C   0x4770             BX       LR               ;; return
    718          }
    719          
    720          /*******************************************************************************
    721          * Function Name  : NVIC_GetFaultAddress
    722          * Description    : Returns the address of the location that generated a fault
    723          *                  handler.
    724          * Input          : - SystemHandler: specifies the system handler to get its
    725          *                    fault address.
    726          *                    This parameter can be one of the following values:
    727          *                       - SystemHandler_MemoryManage
    728          *                       - SystemHandler_BusFault
    729          * Output         : None
    730          * Return         : Fault address.
    731          *******************************************************************************/

   \                                 In section .text, align 2, keep-with-next
    732          u32 NVIC_GetFaultAddress(u32 SystemHandler)
    733          {
    734            u32 faultaddress = 0x00;
    735            u32 tmp = 0x00;
    736          
    737            /* Check the parameters */
    738            assert_param(IS_FAULT_ADDRESS_SYSTEM_HANDLER(SystemHandler));
    739            
    740            tmp = (SystemHandler >> 0x16) & (u32)0x01;
    741          
    742            if (tmp == 0x00)
   \                     NVIC_GetFaultAddress: (+1)
   \        0x0   0x....             LDR.N    R1,??DataTable22_19  ;; 0xe000ed34
   \        0x2   0xF3C0 0x5080      UBFX     R0,R0,#+22,#+1
   \        0x6   0xB908             CBNZ.N   R0,??NVIC_GetFaultAddress_0
    743            {
    744              faultaddress = SCB->MMFAR;
   \        0x8   0x6808             LDR      R0,[R1, #+0]
   \        0xA   0x4770             BX       LR
    745            }
    746            else
    747            {
    748              faultaddress = SCB->BFAR;
   \                     ??NVIC_GetFaultAddress_0: (+1)
   \        0xC   0x6848             LDR      R0,[R1, #+4]
    749            }
    750            return faultaddress;
   \        0xE   0x4770             BX       LR               ;; return
    751          }

   \                                 In section .text, align 4, keep-with-next
   \                     ??DataTable22:
   \        0x0   0xE000'E180        DC32     0xe000e180

   \                                 In section .text, align 4, keep-with-next
   \                     ??DataTable22_1:
   \        0x0   0xE000'E280        DC32     0xe000e280

   \                                 In section .text, align 4, keep-with-next
   \                     ??DataTable22_2:
   \        0x0   0xE000'E400        DC32     0xe000e400

   \                                 In section .text, align 4, keep-with-next
   \                     ??DataTable22_3:
   \        0x0   0xE000'ED04        DC32     0xe000ed04

   \                                 In section .text, align 4, keep-with-next
   \                     ??DataTable22_4:
   \        0x0   0x05FA'0000        DC32     0x5fa0000

   \                                 In section .text, align 4, keep-with-next
   \                     ??DataTable22_5:
   \        0x0   0xE000'ED18        DC32     0xe000ed18

   \                                 In section .text, align 4, keep-with-next
   \                     ??DataTable22_6:
   \        0x0   0xE000'ED0C        DC32     0xe000ed0c

   \                                 In section .text, align 4, keep-with-next
   \                     ??DataTable22_7:
   \        0x0   0xE000'E100        DC32     0xe000e100

   \                                 In section .text, align 4, keep-with-next
   \                     ??DataTable22_8:
   \        0x0   0xE000'E200        DC32     0xe000e200

   \                                 In section .text, align 4, keep-with-next
   \                     ??DataTable22_9:
   \        0x0   0xE000'EF00        DC32     0xe000ef00

   \                                 In section .text, align 4, keep-with-next
   \                     ??DataTable22_10:
   \        0x0   0xE000'E300        DC32     0xe000e300

   \                                 In section .text, align 4, keep-with-next
   \                     ??DataTable22_11:
   \        0x0   0xE000'ED00        DC32     0xe000ed00

   \                                 In section .text, align 4, keep-with-next
   \                     ??DataTable22_12:
   \        0x0   0x1FFF'FF80        DC32     0x1fffff80

   \                                 In section .text, align 4, keep-with-next
   \                     ??DataTable22_13:
   \        0x0   0xE000'ED08        DC32     0xe000ed08

   \                                 In section .text, align 4, keep-with-next
   \                     ??DataTable22_14:
   \        0x0   0x05FA'0004        DC32     0x5fa0004

   \                                 In section .text, align 4, keep-with-next
   \                     ??DataTable22_15:
   \        0x0   0x05FA'0001        DC32     0x5fa0001

   \                                 In section .text, align 4, keep-with-next
   \                     ??DataTable22_16:
   \        0x0   0xE000'ED10        DC32     0xe000ed10

   \                                 In section .text, align 4, keep-with-next
   \                     ??DataTable22_17:
   \        0x0   0xE000'ED24        DC32     0xe000ed24

   \                                 In section .text, align 4, keep-with-next
   \                     ??DataTable22_18:
   \        0x0   0xE000'ED28        DC32     0xe000ed28

   \                                 In section .text, align 4, keep-with-next
   \                     ??DataTable22_19:
   \        0x0   0xE000'ED34        DC32     0xe000ed34
    752          
    753          /******************* (C) COPYRIGHT 2008 STMicroelectronics *****END OF FILE****/

   Maximum stack usage in bytes:

   .cstack Function
   ------- --------
       0   NVIC_BASEPRICONFIG
         0   -> __BASEPRICONFIG
       0   NVIC_ClearIRQChannelPendingBit
       0   NVIC_ClearSystemHandlerPendingBit
       0   NVIC_DeInit
       0   NVIC_GenerateCoreReset
       0   NVIC_GenerateSystemReset
       0   NVIC_GetBASEPRI
         0   -> __GetBASEPRI
       0   NVIC_GetCPUID
       0   NVIC_GetCurrentActiveHandler
       0   NVIC_GetCurrentPendingIRQChannel
       0   NVIC_GetFaultAddress
       0   NVIC_GetFaultHandlerSources
       8   NVIC_GetIRQChannelActiveBitStatus
       8   NVIC_GetIRQChannelPendingBitStatus
       0   NVIC_GetSystemHandlerActiveBitStatus
       0   NVIC_GetSystemHandlerPendingBitStatus
      28   NVIC_Init
       0   NVIC_PriorityGroupConfig
       0   NVIC_RESETFAULTMASK
         0   -> __RESETFAULTMASK
       0   NVIC_RESETPRIMASK
         0   -> __RESETPRIMASK
       8   NVIC_SCBDeInit
       0   NVIC_SETFAULTMASK
         0   -> __SETFAULTMASK
       0   NVIC_SETPRIMASK
         0   -> __SETPRIMASK
       0   NVIC_SetIRQChannelPendingBit
       0   NVIC_SetSystemHandlerPendingBit
       0   NVIC_SetVectorTable
       0   NVIC_StructInit
       0   NVIC_SystemHandlerConfig
      20   NVIC_SystemHandlerPriorityConfig
       0   NVIC_SystemLPConfig


   Section sizes:

   Bytes  Function/Label
   -----  --------------
       4  ??DataTable22
       4  ??DataTable22_1
       4  ??DataTable22_10
       4  ??DataTable22_11
       4  ??DataTable22_12
       4  ??DataTable22_13
       4  ??DataTable22_14
       4  ??DataTable22_15
       4  ??DataTable22_16
       4  ??DataTable22_17
       4  ??DataTable22_18
       4  ??DataTable22_19
       4  ??DataTable22_2
       4  ??DataTable22_3
       4  ??DataTable22_4
       4  ??DataTable22_5
       4  ??DataTable22_6
       4  ??DataTable22_7
       4  ??DataTable22_8
       4  ??DataTable22_9
      26  ?Subroutine0
       6  NVIC_BASEPRICONFIG
      18  NVIC_ClearIRQChannelPendingBit
      20  NVIC_ClearSystemHandlerPendingBit
      38  NVIC_DeInit
       8  NVIC_GenerateCoreReset
       8  NVIC_GenerateSystemReset
       4  NVIC_GetBASEPRI
       6  NVIC_GetCPUID
      10  NVIC_GetCurrentActiveHandler
      10  NVIC_GetCurrentPendingIRQChannel
      16  NVIC_GetFaultAddress
      46  NVIC_GetFaultHandlerSources
      14  NVIC_GetIRQChannelActiveBitStatus
      14  NVIC_GetIRQChannelPendingBitStatus
      30  NVIC_GetSystemHandlerActiveBitStatus
      30  NVIC_GetSystemHandlerPendingBitStatus
     132  NVIC_Init
      10  NVIC_PriorityGroupConfig
       4  NVIC_RESETFAULTMASK
       4  NVIC_RESETPRIMASK
      50  NVIC_SCBDeInit
       4  NVIC_SETFAULTMASK
       4  NVIC_SETPRIMASK
       6  NVIC_SetIRQChannelPendingBit
      20  NVIC_SetSystemHandlerPendingBit
      12  NVIC_SetVectorTable
      12  NVIC_StructInit
      30  NVIC_SystemHandlerConfig
      76  NVIC_SystemHandlerPriorityConfig
      20  NVIC_SystemLPConfig

 
 768 bytes in section .text
 
 768 bytes of CODE memory

Errors: none
Warnings: none
